Simulator report for behavioural
Fri Nov 05 10:39:49 2010
Quartus II Version 9.1 Build 350 03/24/2010 Service Pack 2 SJ Full Version


---------------------
; Table of Contents ;
---------------------
  1. Legal Notice
  2. Simulator Summary
  3. Simulator Settings
  4. Simulation Waveforms
  5. Coverage Summary
  6. Complete 1/0-Value Coverage
  7. Missing 1-Value Coverage
  8. Missing 0-Value Coverage
  9. Simulator INI Usage
 10. Simulator Messages



----------------
; Legal Notice ;
----------------
Copyright (C) 1991-2010 Altera Corporation
Your use of Altera Corporation's design tools, logic functions 
and other software and tools, and its AMPP partner logic 
functions, and any output files from any of the foregoing 
(including device programming or simulation files), and any 
associated documentation or information are expressly subject 
to the terms and conditions of the Altera Program License 
Subscription Agreement, Altera MegaCore Function License 
Agreement, or other applicable license agreement, including, 
without limitation, that your use is for the sole purpose of 
programming logic devices manufactured by Altera and sold by 
Altera or its authorized distributors.  Please refer to the 
applicable agreement for further details.



+--------------------------------------------+
; Simulator Summary                          ;
+-----------------------------+--------------+
; Type                        ; Value        ;
+-----------------------------+--------------+
; Simulation Start Time       ; 0 ps         ;
; Simulation End Time         ; 1.0 us       ;
; Simulation Netlist Size     ; 156 nodes    ;
; Simulation Coverage         ;      29.03 % ;
; Total Number of Transitions ; 817          ;
; Simulation Breakpoints      ; 0            ;
; Family                      ; Cyclone II   ;
; Device                      ; EP2C5Q208C7  ;
+-----------------------------+--------------+


+------------------------------------------------------------------------------------------------------------------------------------+
; Simulator Settings                                                                                                                 ;
+--------------------------------------------------------------------------------------------+-----------------------+---------------+
; Option                                                                                     ; Setting               ; Default Value ;
+--------------------------------------------------------------------------------------------+-----------------------+---------------+
; Simulation mode                                                                            ; Timing                ; Timing        ;
; Start time                                                                                 ; 0 ns                  ; 0 ns          ;
; End time                                                                                   ; 1 ms                  ;               ;
; Simulation results format                                                                  ; CVWF                  ;               ;
; Vector input source                                                                        ; behavioural_tests.vwf ;               ;
; Add pins automatically to simulation output waveforms                                      ; On                    ; On            ;
; Check outputs                                                                              ; Off                   ; Off           ;
; Report simulation coverage                                                                 ; On                    ; On            ;
; Display complete 1/0 value coverage report                                                 ; On                    ; On            ;
; Display missing 1-value coverage report                                                    ; On                    ; On            ;
; Display missing 0-value coverage report                                                    ; On                    ; On            ;
; Detect setup and hold time violations                                                      ; Off                   ; Off           ;
; Detect glitches                                                                            ; Off                   ; Off           ;
; Disable timing delays in Timing Simulation                                                 ; Off                   ; Off           ;
; Generate Signal Activity File                                                              ; Off                   ; Off           ;
; Generate VCD File for PowerPlay Power Analyzer                                             ; Off                   ; Off           ;
; Group bus channels in simulation results                                                   ; Off                   ; Off           ;
; Preserve fewer signal transitions to reduce memory requirements                            ; On                    ; On            ;
; Trigger vector comparison with the specified mode                                          ; INPUT_EDGE            ; INPUT_EDGE    ;
; Disable setup and hold time violations detection in input registers of bi-directional pins ; Off                   ; Off           ;
; Overwrite Waveform Inputs With Simulation Outputs                                          ; Off                   ;               ;
; Perform Glitch Filtering in Timing Simulation                                              ; Auto                  ; Auto          ;
+--------------------------------------------------------------------------------------------+-----------------------+---------------+


+----------------------+
; Simulation Waveforms ;
+----------------------+
Waveform report data cannot be output to ASCII.
Please use Quartus II to view the waveform report data.


+--------------------------------------------------------------------+
; Coverage Summary                                                   ;
+-----------------------------------------------------+--------------+
; Type                                                ; Value        ;
+-----------------------------------------------------+--------------+
; Total coverage as a percentage                      ;      29.03 % ;
; Total nodes checked                                 ; 156          ;
; Total output ports checked                          ; 186          ;
; Total output ports with complete 1/0-value coverage ; 54           ;
; Total output ports with no 1/0-value coverage       ; 126          ;
; Total output ports with no 1-value coverage         ; 126          ;
; Total output ports with no 0-value coverage         ; 132          ;
+-----------------------------------------------------+--------------+


The following table displays output ports that toggle between 1 and 0 during simulation.
+--------------------------------------------------------------------------------------------------------------------------------------------------+
; Complete 1/0-Value Coverage                                                                                                                      ;
+---------------------------------------------------------------+---------------------------------------------------------------+------------------+
; Node Name                                                     ; Output Port Name                                              ; Output Port Type ;
+---------------------------------------------------------------+---------------------------------------------------------------+------------------+
; |behavioural|my_counter:inst|sixteenbitcounter:u1|Add0~0      ; |behavioural|my_counter:inst|sixteenbitcounter:u1|Add0~0      ; combout          ;
; |behavioural|my_counter:inst|sixteenbitcounter:u1|Add0~0      ; |behavioural|my_counter:inst|sixteenbitcounter:u1|Add0~1      ; cout             ;
; |behavioural|my_counter:inst|sixteenbitcounter:u1|Add0~2      ; |behavioural|my_counter:inst|sixteenbitcounter:u1|Add0~2      ; combout          ;
; |behavioural|my_counter:inst|sixteenbitcounter:u1|Add0~2      ; |behavioural|my_counter:inst|sixteenbitcounter:u1|Add0~3      ; cout             ;
; |behavioural|my_counter:inst|sixteenbitcounter:u1|Add0~4      ; |behavioural|my_counter:inst|sixteenbitcounter:u1|Add0~4      ; combout          ;
; |behavioural|my_counter:inst|sixteenbitcounter:u1|Add0~4      ; |behavioural|my_counter:inst|sixteenbitcounter:u1|Add0~5      ; cout             ;
; |behavioural|my_counter:inst|sixteenbitcounter:u1|Add0~6      ; |behavioural|my_counter:inst|sixteenbitcounter:u1|Add0~6      ; combout          ;
; |behavioural|my_counter:inst|sixteenbitcounter:u1|Add0~6      ; |behavioural|my_counter:inst|sixteenbitcounter:u1|Add0~7      ; cout             ;
; |behavioural|my_counter:inst|sixteenbitcounter:u1|Add0~8      ; |behavioural|my_counter:inst|sixteenbitcounter:u1|Add0~8      ; combout          ;
; |behavioural|my_counter:inst|sixteenbitcounter:u1|Add0~8      ; |behavioural|my_counter:inst|sixteenbitcounter:u1|Add0~9      ; cout             ;
; |behavioural|my_counter:inst|sixteenbitcounter:u1|Add0~10     ; |behavioural|my_counter:inst|sixteenbitcounter:u1|Add0~10     ; combout          ;
; |behavioural|my_counter:inst|sixteenbitcounter:u2|Add0~0      ; |behavioural|my_counter:inst|sixteenbitcounter:u2|Add0~0      ; combout          ;
; |behavioural|my_counter:inst|sixteenbitcounter:u2|Add0~0      ; |behavioural|my_counter:inst|sixteenbitcounter:u2|Add0~1      ; cout             ;
; |behavioural|my_counter:inst|sixteenbitcounter:u2|Add0~2      ; |behavioural|my_counter:inst|sixteenbitcounter:u2|Add0~2      ; combout          ;
; |behavioural|my_counter:inst|sixteenbitcounter:u2|Add0~2      ; |behavioural|my_counter:inst|sixteenbitcounter:u2|Add0~3      ; cout             ;
; |behavioural|my_counter:inst|sixteenbitcounter:u2|Add0~4      ; |behavioural|my_counter:inst|sixteenbitcounter:u2|Add0~4      ; combout          ;
; |behavioural|my_counter:inst|sixteenbitcounter:u2|Add0~4      ; |behavioural|my_counter:inst|sixteenbitcounter:u2|Add0~5      ; cout             ;
; |behavioural|my_counter:inst|sixteenbitcounter:u2|Add0~6      ; |behavioural|my_counter:inst|sixteenbitcounter:u2|Add0~6      ; combout          ;
; |behavioural|my_counter:inst|sixteenbitcounter:u2|Add0~6      ; |behavioural|my_counter:inst|sixteenbitcounter:u2|Add0~7      ; cout             ;
; |behavioural|my_counter:inst|sixteenbitcounter:u2|Add0~8      ; |behavioural|my_counter:inst|sixteenbitcounter:u2|Add0~8      ; combout          ;
; |behavioural|my_counter:inst|sixteenbitcounter:u2|Add0~8      ; |behavioural|my_counter:inst|sixteenbitcounter:u2|Add0~9      ; cout             ;
; |behavioural|my_counter:inst|sixteenbitcounter:u2|Add0~10     ; |behavioural|my_counter:inst|sixteenbitcounter:u2|Add0~10     ; combout          ;
; |behavioural|my_counter:inst|sixteenbitcounter:u1|Y[3]        ; |behavioural|my_counter:inst|sixteenbitcounter:u1|Y[3]        ; regout           ;
; |behavioural|my_counter:inst|sixteenbitcounter:u1|Y[2]        ; |behavioural|my_counter:inst|sixteenbitcounter:u1|Y[2]        ; regout           ;
; |behavioural|my_counter:inst|sixteenbitcounter:u1|Y[1]        ; |behavioural|my_counter:inst|sixteenbitcounter:u1|Y[1]        ; regout           ;
; |behavioural|my_counter:inst|sixteenbitcounter:u1|Y[0]        ; |behavioural|my_counter:inst|sixteenbitcounter:u1|Y[0]        ; regout           ;
; |behavioural|my_counter:inst|sixteenbitcounter:u2|Y[3]        ; |behavioural|my_counter:inst|sixteenbitcounter:u2|Y[3]        ; regout           ;
; |behavioural|my_counter:inst|sixteenbitcounter:u2|Y[2]        ; |behavioural|my_counter:inst|sixteenbitcounter:u2|Y[2]        ; regout           ;
; |behavioural|my_counter:inst|sixteenbitcounter:u2|Y[1]        ; |behavioural|my_counter:inst|sixteenbitcounter:u2|Y[1]        ; regout           ;
; |behavioural|my_counter:inst|sixteenbitcounter:u2|Y[0]        ; |behavioural|my_counter:inst|sixteenbitcounter:u2|Y[0]        ; regout           ;
; |behavioural|my_counter:inst|sixteenbitcounter:u1|x[3]        ; |behavioural|my_counter:inst|sixteenbitcounter:u1|x[3]        ; regout           ;
; |behavioural|my_counter:inst|sixteenbitcounter:u1|x[2]        ; |behavioural|my_counter:inst|sixteenbitcounter:u1|x[2]        ; regout           ;
; |behavioural|my_counter:inst|sixteenbitcounter:u1|x[1]        ; |behavioural|my_counter:inst|sixteenbitcounter:u1|x[1]        ; regout           ;
; |behavioural|my_counter:inst|sixteenbitcounter:u1|x[0]        ; |behavioural|my_counter:inst|sixteenbitcounter:u1|x[0]        ; regout           ;
; |behavioural|my_counter:inst|sixteenbitcounter:u2|x[3]        ; |behavioural|my_counter:inst|sixteenbitcounter:u2|x[3]        ; regout           ;
; |behavioural|my_counter:inst|sixteenbitcounter:u2|x[2]        ; |behavioural|my_counter:inst|sixteenbitcounter:u2|x[2]        ; regout           ;
; |behavioural|my_counter:inst|sixteenbitcounter:u2|x[1]        ; |behavioural|my_counter:inst|sixteenbitcounter:u2|x[1]        ; regout           ;
; |behavioural|my_counter:inst|sixteenbitcounter:u2|x[0]        ; |behavioural|my_counter:inst|sixteenbitcounter:u2|x[0]        ; regout           ;
; |behavioural|Y1[3]                                            ; |behavioural|Y1[3]                                            ; padio            ;
; |behavioural|Y1[2]                                            ; |behavioural|Y1[2]                                            ; padio            ;
; |behavioural|Y1[1]                                            ; |behavioural|Y1[1]                                            ; padio            ;
; |behavioural|Y1[0]                                            ; |behavioural|Y1[0]                                            ; padio            ;
; |behavioural|Y2[3]                                            ; |behavioural|Y2[3]                                            ; padio            ;
; |behavioural|Y2[2]                                            ; |behavioural|Y2[2]                                            ; padio            ;
; |behavioural|Y2[1]                                            ; |behavioural|Y2[1]                                            ; padio            ;
; |behavioural|Y2[0]                                            ; |behavioural|Y2[0]                                            ; padio            ;
; |behavioural|CLK                                              ; |behavioural|CLK~corein                                       ; combout          ;
; |behavioural|CLK~clkctrl                                      ; |behavioural|CLK~clkctrl                                      ; outclk           ;
; |behavioural|my_counter:inst|sixteenbitcounter:u1|Y[0]~feeder ; |behavioural|my_counter:inst|sixteenbitcounter:u1|Y[0]~feeder ; combout          ;
; |behavioural|my_counter:inst|sixteenbitcounter:u1|Y[1]~feeder ; |behavioural|my_counter:inst|sixteenbitcounter:u1|Y[1]~feeder ; combout          ;
; |behavioural|my_counter:inst|sixteenbitcounter:u1|Y[3]~feeder ; |behavioural|my_counter:inst|sixteenbitcounter:u1|Y[3]~feeder ; combout          ;
; |behavioural|my_counter:inst|sixteenbitcounter:u1|Y[4]~feeder ; |behavioural|my_counter:inst|sixteenbitcounter:u1|Y[4]~feeder ; combout          ;
; |behavioural|my_counter:inst|sixteenbitcounter:u2|Y[1]~feeder ; |behavioural|my_counter:inst|sixteenbitcounter:u2|Y[1]~feeder ; combout          ;
; |behavioural|my_counter:inst|sixteenbitcounter:u2|Y[4]~feeder ; |behavioural|my_counter:inst|sixteenbitcounter:u2|Y[4]~feeder ; combout          ;
+---------------------------------------------------------------+---------------------------------------------------------------+------------------+


The following table displays output ports that do not toggle to 1 during simulation.
+----------------------------------------------------------------------------------------------------------------------------------------------------+
; Missing 1-Value Coverage                                                                                                                           ;
+----------------------------------------------------------------+----------------------------------------------------------------+------------------+
; Node Name                                                      ; Output Port Name                                               ; Output Port Type ;
+----------------------------------------------------------------+----------------------------------------------------------------+------------------+
; |behavioural|my_counter:inst|sixteenbitcounter:u1|Add0~10      ; |behavioural|my_counter:inst|sixteenbitcounter:u1|Add0~11      ; cout             ;
; |behavioural|my_counter:inst|sixteenbitcounter:u1|Add0~12      ; |behavioural|my_counter:inst|sixteenbitcounter:u1|Add0~12      ; combout          ;
; |behavioural|my_counter:inst|sixteenbitcounter:u1|Add0~12      ; |behavioural|my_counter:inst|sixteenbitcounter:u1|Add0~13      ; cout             ;
; |behavioural|my_counter:inst|sixteenbitcounter:u1|Add0~14      ; |behavioural|my_counter:inst|sixteenbitcounter:u1|Add0~14      ; combout          ;
; |behavioural|my_counter:inst|sixteenbitcounter:u1|Add0~14      ; |behavioural|my_counter:inst|sixteenbitcounter:u1|Add0~15      ; cout             ;
; |behavioural|my_counter:inst|sixteenbitcounter:u1|Add0~16      ; |behavioural|my_counter:inst|sixteenbitcounter:u1|Add0~16      ; combout          ;
; |behavioural|my_counter:inst|sixteenbitcounter:u1|Add0~16      ; |behavioural|my_counter:inst|sixteenbitcounter:u1|Add0~17      ; cout             ;
; |behavioural|my_counter:inst|sixteenbitcounter:u1|Add0~18      ; |behavioural|my_counter:inst|sixteenbitcounter:u1|Add0~18      ; combout          ;
; |behavioural|my_counter:inst|sixteenbitcounter:u1|Add0~18      ; |behavioural|my_counter:inst|sixteenbitcounter:u1|Add0~19      ; cout             ;
; |behavioural|my_counter:inst|sixteenbitcounter:u1|Add0~20      ; |behavioural|my_counter:inst|sixteenbitcounter:u1|Add0~20      ; combout          ;
; |behavioural|my_counter:inst|sixteenbitcounter:u1|Add0~20      ; |behavioural|my_counter:inst|sixteenbitcounter:u1|Add0~21      ; cout             ;
; |behavioural|my_counter:inst|sixteenbitcounter:u1|Add0~22      ; |behavioural|my_counter:inst|sixteenbitcounter:u1|Add0~22      ; combout          ;
; |behavioural|my_counter:inst|sixteenbitcounter:u1|Add0~22      ; |behavioural|my_counter:inst|sixteenbitcounter:u1|Add0~23      ; cout             ;
; |behavioural|my_counter:inst|sixteenbitcounter:u1|Add0~24      ; |behavioural|my_counter:inst|sixteenbitcounter:u1|Add0~24      ; combout          ;
; |behavioural|my_counter:inst|sixteenbitcounter:u1|Add0~24      ; |behavioural|my_counter:inst|sixteenbitcounter:u1|Add0~25      ; cout             ;
; |behavioural|my_counter:inst|sixteenbitcounter:u1|Add0~26      ; |behavioural|my_counter:inst|sixteenbitcounter:u1|Add0~26      ; combout          ;
; |behavioural|my_counter:inst|sixteenbitcounter:u1|Add0~26      ; |behavioural|my_counter:inst|sixteenbitcounter:u1|Add0~27      ; cout             ;
; |behavioural|my_counter:inst|sixteenbitcounter:u1|Add0~28      ; |behavioural|my_counter:inst|sixteenbitcounter:u1|Add0~28      ; combout          ;
; |behavioural|my_counter:inst|sixteenbitcounter:u1|Add0~28      ; |behavioural|my_counter:inst|sixteenbitcounter:u1|Add0~29      ; cout             ;
; |behavioural|my_counter:inst|sixteenbitcounter:u1|Add0~30      ; |behavioural|my_counter:inst|sixteenbitcounter:u1|Add0~30      ; combout          ;
; |behavioural|my_counter:inst|sixteenbitcounter:u2|Add0~10      ; |behavioural|my_counter:inst|sixteenbitcounter:u2|Add0~11      ; cout             ;
; |behavioural|my_counter:inst|sixteenbitcounter:u2|Add0~12      ; |behavioural|my_counter:inst|sixteenbitcounter:u2|Add0~12      ; combout          ;
; |behavioural|my_counter:inst|sixteenbitcounter:u2|Add0~12      ; |behavioural|my_counter:inst|sixteenbitcounter:u2|Add0~13      ; cout             ;
; |behavioural|my_counter:inst|sixteenbitcounter:u2|Add0~14      ; |behavioural|my_counter:inst|sixteenbitcounter:u2|Add0~14      ; combout          ;
; |behavioural|my_counter:inst|sixteenbitcounter:u2|Add0~14      ; |behavioural|my_counter:inst|sixteenbitcounter:u2|Add0~15      ; cout             ;
; |behavioural|my_counter:inst|sixteenbitcounter:u2|Add0~16      ; |behavioural|my_counter:inst|sixteenbitcounter:u2|Add0~16      ; combout          ;
; |behavioural|my_counter:inst|sixteenbitcounter:u2|Add0~16      ; |behavioural|my_counter:inst|sixteenbitcounter:u2|Add0~17      ; cout             ;
; |behavioural|my_counter:inst|sixteenbitcounter:u2|Add0~18      ; |behavioural|my_counter:inst|sixteenbitcounter:u2|Add0~18      ; combout          ;
; |behavioural|my_counter:inst|sixteenbitcounter:u2|Add0~18      ; |behavioural|my_counter:inst|sixteenbitcounter:u2|Add0~19      ; cout             ;
; |behavioural|my_counter:inst|sixteenbitcounter:u2|Add0~20      ; |behavioural|my_counter:inst|sixteenbitcounter:u2|Add0~20      ; combout          ;
; |behavioural|my_counter:inst|sixteenbitcounter:u2|Add0~20      ; |behavioural|my_counter:inst|sixteenbitcounter:u2|Add0~21      ; cout             ;
; |behavioural|my_counter:inst|sixteenbitcounter:u2|Add0~22      ; |behavioural|my_counter:inst|sixteenbitcounter:u2|Add0~22      ; combout          ;
; |behavioural|my_counter:inst|sixteenbitcounter:u2|Add0~22      ; |behavioural|my_counter:inst|sixteenbitcounter:u2|Add0~23      ; cout             ;
; |behavioural|my_counter:inst|sixteenbitcounter:u2|Add0~24      ; |behavioural|my_counter:inst|sixteenbitcounter:u2|Add0~24      ; combout          ;
; |behavioural|my_counter:inst|sixteenbitcounter:u2|Add0~24      ; |behavioural|my_counter:inst|sixteenbitcounter:u2|Add0~25      ; cout             ;
; |behavioural|my_counter:inst|sixteenbitcounter:u2|Add0~26      ; |behavioural|my_counter:inst|sixteenbitcounter:u2|Add0~26      ; combout          ;
; |behavioural|my_counter:inst|sixteenbitcounter:u2|Add0~26      ; |behavioural|my_counter:inst|sixteenbitcounter:u2|Add0~27      ; cout             ;
; |behavioural|my_counter:inst|sixteenbitcounter:u2|Add0~28      ; |behavioural|my_counter:inst|sixteenbitcounter:u2|Add0~28      ; combout          ;
; |behavioural|my_counter:inst|sixteenbitcounter:u2|Add0~28      ; |behavioural|my_counter:inst|sixteenbitcounter:u2|Add0~29      ; cout             ;
; |behavioural|my_counter:inst|sixteenbitcounter:u2|Add0~30      ; |behavioural|my_counter:inst|sixteenbitcounter:u2|Add0~30      ; combout          ;
; |behavioural|my_counter:inst|sixteenbitcounter:u1|Y[15]        ; |behavioural|my_counter:inst|sixteenbitcounter:u1|Y[15]        ; regout           ;
; |behavioural|my_counter:inst|sixteenbitcounter:u1|Y[14]        ; |behavioural|my_counter:inst|sixteenbitcounter:u1|Y[14]        ; regout           ;
; |behavioural|my_counter:inst|sixteenbitcounter:u1|Y[13]        ; |behavioural|my_counter:inst|sixteenbitcounter:u1|Y[13]        ; regout           ;
; |behavioural|my_counter:inst|sixteenbitcounter:u1|Y[12]        ; |behavioural|my_counter:inst|sixteenbitcounter:u1|Y[12]        ; regout           ;
; |behavioural|my_counter:inst|sixteenbitcounter:u1|Y[11]        ; |behavioural|my_counter:inst|sixteenbitcounter:u1|Y[11]        ; regout           ;
; |behavioural|my_counter:inst|sixteenbitcounter:u1|Y[10]        ; |behavioural|my_counter:inst|sixteenbitcounter:u1|Y[10]        ; regout           ;
; |behavioural|my_counter:inst|sixteenbitcounter:u1|Y[9]         ; |behavioural|my_counter:inst|sixteenbitcounter:u1|Y[9]         ; regout           ;
; |behavioural|my_counter:inst|sixteenbitcounter:u1|Y[8]         ; |behavioural|my_counter:inst|sixteenbitcounter:u1|Y[8]         ; regout           ;
; |behavioural|my_counter:inst|sixteenbitcounter:u1|Y[7]         ; |behavioural|my_counter:inst|sixteenbitcounter:u1|Y[7]         ; regout           ;
; |behavioural|my_counter:inst|sixteenbitcounter:u1|Y[6]         ; |behavioural|my_counter:inst|sixteenbitcounter:u1|Y[6]         ; regout           ;
; |behavioural|my_counter:inst|sixteenbitcounter:u1|Y[5]         ; |behavioural|my_counter:inst|sixteenbitcounter:u1|Y[5]         ; regout           ;
; |behavioural|my_counter:inst|sixteenbitcounter:u2|Y[15]        ; |behavioural|my_counter:inst|sixteenbitcounter:u2|Y[15]        ; regout           ;
; |behavioural|my_counter:inst|sixteenbitcounter:u2|Y[14]        ; |behavioural|my_counter:inst|sixteenbitcounter:u2|Y[14]        ; regout           ;
; |behavioural|my_counter:inst|sixteenbitcounter:u2|Y[13]        ; |behavioural|my_counter:inst|sixteenbitcounter:u2|Y[13]        ; regout           ;
; |behavioural|my_counter:inst|sixteenbitcounter:u2|Y[12]        ; |behavioural|my_counter:inst|sixteenbitcounter:u2|Y[12]        ; regout           ;
; |behavioural|my_counter:inst|sixteenbitcounter:u2|Y[11]        ; |behavioural|my_counter:inst|sixteenbitcounter:u2|Y[11]        ; regout           ;
; |behavioural|my_counter:inst|sixteenbitcounter:u2|Y[10]        ; |behavioural|my_counter:inst|sixteenbitcounter:u2|Y[10]        ; regout           ;
; |behavioural|my_counter:inst|sixteenbitcounter:u2|Y[9]         ; |behavioural|my_counter:inst|sixteenbitcounter:u2|Y[9]         ; regout           ;
; |behavioural|my_counter:inst|sixteenbitcounter:u2|Y[8]         ; |behavioural|my_counter:inst|sixteenbitcounter:u2|Y[8]         ; regout           ;
; |behavioural|my_counter:inst|sixteenbitcounter:u2|Y[7]         ; |behavioural|my_counter:inst|sixteenbitcounter:u2|Y[7]         ; regout           ;
; |behavioural|my_counter:inst|sixteenbitcounter:u2|Y[6]         ; |behavioural|my_counter:inst|sixteenbitcounter:u2|Y[6]         ; regout           ;
; |behavioural|my_counter:inst|sixteenbitcounter:u2|Y[5]         ; |behavioural|my_counter:inst|sixteenbitcounter:u2|Y[5]         ; regout           ;
; |behavioural|my_counter:inst|sixteenbitcounter:u1|x[15]        ; |behavioural|my_counter:inst|sixteenbitcounter:u1|x[15]        ; regout           ;
; |behavioural|my_counter:inst|sixteenbitcounter:u1|x[14]        ; |behavioural|my_counter:inst|sixteenbitcounter:u1|x[14]        ; regout           ;
; |behavioural|my_counter:inst|sixteenbitcounter:u1|x[13]        ; |behavioural|my_counter:inst|sixteenbitcounter:u1|x[13]        ; regout           ;
; |behavioural|my_counter:inst|sixteenbitcounter:u1|x[12]        ; |behavioural|my_counter:inst|sixteenbitcounter:u1|x[12]        ; regout           ;
; |behavioural|my_counter:inst|sixteenbitcounter:u1|x[11]        ; |behavioural|my_counter:inst|sixteenbitcounter:u1|x[11]        ; regout           ;
; |behavioural|my_counter:inst|sixteenbitcounter:u1|x[10]        ; |behavioural|my_counter:inst|sixteenbitcounter:u1|x[10]        ; regout           ;
; |behavioural|my_counter:inst|sixteenbitcounter:u1|x[9]         ; |behavioural|my_counter:inst|sixteenbitcounter:u1|x[9]         ; regout           ;
; |behavioural|my_counter:inst|sixteenbitcounter:u1|x[8]         ; |behavioural|my_counter:inst|sixteenbitcounter:u1|x[8]         ; regout           ;
; |behavioural|my_counter:inst|sixteenbitcounter:u1|x[7]         ; |behavioural|my_counter:inst|sixteenbitcounter:u1|x[7]         ; regout           ;
; |behavioural|my_counter:inst|sixteenbitcounter:u1|x[6]         ; |behavioural|my_counter:inst|sixteenbitcounter:u1|x[6]         ; regout           ;
; |behavioural|my_counter:inst|sixteenbitcounter:u1|x[5]         ; |behavioural|my_counter:inst|sixteenbitcounter:u1|x[5]         ; regout           ;
; |behavioural|my_counter:inst|sixteenbitcounter:u2|x[15]        ; |behavioural|my_counter:inst|sixteenbitcounter:u2|x[15]        ; regout           ;
; |behavioural|my_counter:inst|sixteenbitcounter:u2|x[14]        ; |behavioural|my_counter:inst|sixteenbitcounter:u2|x[14]        ; regout           ;
; |behavioural|my_counter:inst|sixteenbitcounter:u2|x[13]        ; |behavioural|my_counter:inst|sixteenbitcounter:u2|x[13]        ; regout           ;
; |behavioural|my_counter:inst|sixteenbitcounter:u2|x[12]        ; |behavioural|my_counter:inst|sixteenbitcounter:u2|x[12]        ; regout           ;
; |behavioural|my_counter:inst|sixteenbitcounter:u2|x[11]        ; |behavioural|my_counter:inst|sixteenbitcounter:u2|x[11]        ; regout           ;
; |behavioural|my_counter:inst|sixteenbitcounter:u2|x[10]        ; |behavioural|my_counter:inst|sixteenbitcounter:u2|x[10]        ; regout           ;
; |behavioural|my_counter:inst|sixteenbitcounter:u2|x[9]         ; |behavioural|my_counter:inst|sixteenbitcounter:u2|x[9]         ; regout           ;
; |behavioural|my_counter:inst|sixteenbitcounter:u2|x[8]         ; |behavioural|my_counter:inst|sixteenbitcounter:u2|x[8]         ; regout           ;
; |behavioural|my_counter:inst|sixteenbitcounter:u2|x[7]         ; |behavioural|my_counter:inst|sixteenbitcounter:u2|x[7]         ; regout           ;
; |behavioural|my_counter:inst|sixteenbitcounter:u2|x[6]         ; |behavioural|my_counter:inst|sixteenbitcounter:u2|x[6]         ; regout           ;
; |behavioural|my_counter:inst|sixteenbitcounter:u2|x[5]         ; |behavioural|my_counter:inst|sixteenbitcounter:u2|x[5]         ; regout           ;
; |behavioural|Y1[15]                                            ; |behavioural|Y1[15]                                            ; padio            ;
; |behavioural|Y1[14]                                            ; |behavioural|Y1[14]                                            ; padio            ;
; |behavioural|Y1[13]                                            ; |behavioural|Y1[13]                                            ; padio            ;
; |behavioural|Y1[12]                                            ; |behavioural|Y1[12]                                            ; padio            ;
; |behavioural|Y1[11]                                            ; |behavioural|Y1[11]                                            ; padio            ;
; |behavioural|Y1[10]                                            ; |behavioural|Y1[10]                                            ; padio            ;
; |behavioural|Y1[9]                                             ; |behavioural|Y1[9]                                             ; padio            ;
; |behavioural|Y1[8]                                             ; |behavioural|Y1[8]                                             ; padio            ;
; |behavioural|Y1[7]                                             ; |behavioural|Y1[7]                                             ; padio            ;
; |behavioural|Y1[6]                                             ; |behavioural|Y1[6]                                             ; padio            ;
; |behavioural|Y1[5]                                             ; |behavioural|Y1[5]                                             ; padio            ;
; |behavioural|Y2[15]                                            ; |behavioural|Y2[15]                                            ; padio            ;
; |behavioural|Y2[14]                                            ; |behavioural|Y2[14]                                            ; padio            ;
; |behavioural|Y2[13]                                            ; |behavioural|Y2[13]                                            ; padio            ;
; |behavioural|Y2[12]                                            ; |behavioural|Y2[12]                                            ; padio            ;
; |behavioural|Y2[11]                                            ; |behavioural|Y2[11]                                            ; padio            ;
; |behavioural|Y2[10]                                            ; |behavioural|Y2[10]                                            ; padio            ;
; |behavioural|Y2[9]                                             ; |behavioural|Y2[9]                                             ; padio            ;
; |behavioural|Y2[8]                                             ; |behavioural|Y2[8]                                             ; padio            ;
; |behavioural|Y2[7]                                             ; |behavioural|Y2[7]                                             ; padio            ;
; |behavioural|Y2[6]                                             ; |behavioural|Y2[6]                                             ; padio            ;
; |behavioural|Y2[5]                                             ; |behavioural|Y2[5]                                             ; padio            ;
; |behavioural|my_counter:inst|sixteenbitcounter:u1|Y[5]~feeder  ; |behavioural|my_counter:inst|sixteenbitcounter:u1|Y[5]~feeder  ; combout          ;
; |behavioural|my_counter:inst|sixteenbitcounter:u1|Y[6]~feeder  ; |behavioural|my_counter:inst|sixteenbitcounter:u1|Y[6]~feeder  ; combout          ;
; |behavioural|my_counter:inst|sixteenbitcounter:u1|Y[7]~feeder  ; |behavioural|my_counter:inst|sixteenbitcounter:u1|Y[7]~feeder  ; combout          ;
; |behavioural|my_counter:inst|sixteenbitcounter:u1|Y[8]~feeder  ; |behavioural|my_counter:inst|sixteenbitcounter:u1|Y[8]~feeder  ; combout          ;
; |behavioural|my_counter:inst|sixteenbitcounter:u1|Y[9]~feeder  ; |behavioural|my_counter:inst|sixteenbitcounter:u1|Y[9]~feeder  ; combout          ;
; |behavioural|my_counter:inst|sixteenbitcounter:u1|Y[10]~feeder ; |behavioural|my_counter:inst|sixteenbitcounter:u1|Y[10]~feeder ; combout          ;
; |behavioural|my_counter:inst|sixteenbitcounter:u1|Y[11]~feeder ; |behavioural|my_counter:inst|sixteenbitcounter:u1|Y[11]~feeder ; combout          ;
; |behavioural|my_counter:inst|sixteenbitcounter:u1|Y[12]~feeder ; |behavioural|my_counter:inst|sixteenbitcounter:u1|Y[12]~feeder ; combout          ;
; |behavioural|my_counter:inst|sixteenbitcounter:u1|Y[13]~feeder ; |behavioural|my_counter:inst|sixteenbitcounter:u1|Y[13]~feeder ; combout          ;
; |behavioural|my_counter:inst|sixteenbitcounter:u1|Y[14]~feeder ; |behavioural|my_counter:inst|sixteenbitcounter:u1|Y[14]~feeder ; combout          ;
; |behavioural|my_counter:inst|sixteenbitcounter:u1|Y[15]~feeder ; |behavioural|my_counter:inst|sixteenbitcounter:u1|Y[15]~feeder ; combout          ;
; |behavioural|my_counter:inst|sixteenbitcounter:u2|Y[5]~feeder  ; |behavioural|my_counter:inst|sixteenbitcounter:u2|Y[5]~feeder  ; combout          ;
; |behavioural|my_counter:inst|sixteenbitcounter:u2|Y[6]~feeder  ; |behavioural|my_counter:inst|sixteenbitcounter:u2|Y[6]~feeder  ; combout          ;
; |behavioural|my_counter:inst|sixteenbitcounter:u2|Y[7]~feeder  ; |behavioural|my_counter:inst|sixteenbitcounter:u2|Y[7]~feeder  ; combout          ;
; |behavioural|my_counter:inst|sixteenbitcounter:u2|Y[8]~feeder  ; |behavioural|my_counter:inst|sixteenbitcounter:u2|Y[8]~feeder  ; combout          ;
; |behavioural|my_counter:inst|sixteenbitcounter:u2|Y[9]~feeder  ; |behavioural|my_counter:inst|sixteenbitcounter:u2|Y[9]~feeder  ; combout          ;
; |behavioural|my_counter:inst|sixteenbitcounter:u2|Y[11]~feeder ; |behavioural|my_counter:inst|sixteenbitcounter:u2|Y[11]~feeder ; combout          ;
; |behavioural|my_counter:inst|sixteenbitcounter:u2|Y[12]~feeder ; |behavioural|my_counter:inst|sixteenbitcounter:u2|Y[12]~feeder ; combout          ;
; |behavioural|my_counter:inst|sixteenbitcounter:u2|Y[13]~feeder ; |behavioural|my_counter:inst|sixteenbitcounter:u2|Y[13]~feeder ; combout          ;
; |behavioural|my_counter:inst|sixteenbitcounter:u2|Y[14]~feeder ; |behavioural|my_counter:inst|sixteenbitcounter:u2|Y[14]~feeder ; combout          ;
+----------------------------------------------------------------+----------------------------------------------------------------+------------------+


The following table displays output ports that do not toggle to 0 during simulation.
+----------------------------------------------------------------------------------------------------------------------------------------------------+
; Missing 0-Value Coverage                                                                                                                           ;
+----------------------------------------------------------------+----------------------------------------------------------------+------------------+
; Node Name                                                      ; Output Port Name                                               ; Output Port Type ;
+----------------------------------------------------------------+----------------------------------------------------------------+------------------+
; |behavioural|my_counter:inst|sixteenbitcounter:u1|Add0~10      ; |behavioural|my_counter:inst|sixteenbitcounter:u1|Add0~11      ; cout             ;
; |behavioural|my_counter:inst|sixteenbitcounter:u1|Add0~12      ; |behavioural|my_counter:inst|sixteenbitcounter:u1|Add0~12      ; combout          ;
; |behavioural|my_counter:inst|sixteenbitcounter:u1|Add0~12      ; |behavioural|my_counter:inst|sixteenbitcounter:u1|Add0~13      ; cout             ;
; |behavioural|my_counter:inst|sixteenbitcounter:u1|Add0~14      ; |behavioural|my_counter:inst|sixteenbitcounter:u1|Add0~14      ; combout          ;
; |behavioural|my_counter:inst|sixteenbitcounter:u1|Add0~14      ; |behavioural|my_counter:inst|sixteenbitcounter:u1|Add0~15      ; cout             ;
; |behavioural|my_counter:inst|sixteenbitcounter:u1|Add0~16      ; |behavioural|my_counter:inst|sixteenbitcounter:u1|Add0~16      ; combout          ;
; |behavioural|my_counter:inst|sixteenbitcounter:u1|Add0~16      ; |behavioural|my_counter:inst|sixteenbitcounter:u1|Add0~17      ; cout             ;
; |behavioural|my_counter:inst|sixteenbitcounter:u1|Add0~18      ; |behavioural|my_counter:inst|sixteenbitcounter:u1|Add0~18      ; combout          ;
; |behavioural|my_counter:inst|sixteenbitcounter:u1|Add0~18      ; |behavioural|my_counter:inst|sixteenbitcounter:u1|Add0~19      ; cout             ;
; |behavioural|my_counter:inst|sixteenbitcounter:u1|Add0~20      ; |behavioural|my_counter:inst|sixteenbitcounter:u1|Add0~20      ; combout          ;
; |behavioural|my_counter:inst|sixteenbitcounter:u1|Add0~20      ; |behavioural|my_counter:inst|sixteenbitcounter:u1|Add0~21      ; cout             ;
; |behavioural|my_counter:inst|sixteenbitcounter:u1|Add0~22      ; |behavioural|my_counter:inst|sixteenbitcounter:u1|Add0~22      ; combout          ;
; |behavioural|my_counter:inst|sixteenbitcounter:u1|Add0~22      ; |behavioural|my_counter:inst|sixteenbitcounter:u1|Add0~23      ; cout             ;
; |behavioural|my_counter:inst|sixteenbitcounter:u1|Add0~24      ; |behavioural|my_counter:inst|sixteenbitcounter:u1|Add0~24      ; combout          ;
; |behavioural|my_counter:inst|sixteenbitcounter:u1|Add0~24      ; |behavioural|my_counter:inst|sixteenbitcounter:u1|Add0~25      ; cout             ;
; |behavioural|my_counter:inst|sixteenbitcounter:u1|Add0~26      ; |behavioural|my_counter:inst|sixteenbitcounter:u1|Add0~26      ; combout          ;
; |behavioural|my_counter:inst|sixteenbitcounter:u1|Add0~26      ; |behavioural|my_counter:inst|sixteenbitcounter:u1|Add0~27      ; cout             ;
; |behavioural|my_counter:inst|sixteenbitcounter:u1|Add0~28      ; |behavioural|my_counter:inst|sixteenbitcounter:u1|Add0~28      ; combout          ;
; |behavioural|my_counter:inst|sixteenbitcounter:u1|Add0~28      ; |behavioural|my_counter:inst|sixteenbitcounter:u1|Add0~29      ; cout             ;
; |behavioural|my_counter:inst|sixteenbitcounter:u1|Add0~30      ; |behavioural|my_counter:inst|sixteenbitcounter:u1|Add0~30      ; combout          ;
; |behavioural|my_counter:inst|sixteenbitcounter:u2|Add0~10      ; |behavioural|my_counter:inst|sixteenbitcounter:u2|Add0~11      ; cout             ;
; |behavioural|my_counter:inst|sixteenbitcounter:u2|Add0~12      ; |behavioural|my_counter:inst|sixteenbitcounter:u2|Add0~12      ; combout          ;
; |behavioural|my_counter:inst|sixteenbitcounter:u2|Add0~12      ; |behavioural|my_counter:inst|sixteenbitcounter:u2|Add0~13      ; cout             ;
; |behavioural|my_counter:inst|sixteenbitcounter:u2|Add0~14      ; |behavioural|my_counter:inst|sixteenbitcounter:u2|Add0~14      ; combout          ;
; |behavioural|my_counter:inst|sixteenbitcounter:u2|Add0~14      ; |behavioural|my_counter:inst|sixteenbitcounter:u2|Add0~15      ; cout             ;
; |behavioural|my_counter:inst|sixteenbitcounter:u2|Add0~16      ; |behavioural|my_counter:inst|sixteenbitcounter:u2|Add0~16      ; combout          ;
; |behavioural|my_counter:inst|sixteenbitcounter:u2|Add0~16      ; |behavioural|my_counter:inst|sixteenbitcounter:u2|Add0~17      ; cout             ;
; |behavioural|my_counter:inst|sixteenbitcounter:u2|Add0~18      ; |behavioural|my_counter:inst|sixteenbitcounter:u2|Add0~18      ; combout          ;
; |behavioural|my_counter:inst|sixteenbitcounter:u2|Add0~18      ; |behavioural|my_counter:inst|sixteenbitcounter:u2|Add0~19      ; cout             ;
; |behavioural|my_counter:inst|sixteenbitcounter:u2|Add0~20      ; |behavioural|my_counter:inst|sixteenbitcounter:u2|Add0~20      ; combout          ;
; |behavioural|my_counter:inst|sixteenbitcounter:u2|Add0~20      ; |behavioural|my_counter:inst|sixteenbitcounter:u2|Add0~21      ; cout             ;
; |behavioural|my_counter:inst|sixteenbitcounter:u2|Add0~22      ; |behavioural|my_counter:inst|sixteenbitcounter:u2|Add0~22      ; combout          ;
; |behavioural|my_counter:inst|sixteenbitcounter:u2|Add0~22      ; |behavioural|my_counter:inst|sixteenbitcounter:u2|Add0~23      ; cout             ;
; |behavioural|my_counter:inst|sixteenbitcounter:u2|Add0~24      ; |behavioural|my_counter:inst|sixteenbitcounter:u2|Add0~24      ; combout          ;
; |behavioural|my_counter:inst|sixteenbitcounter:u2|Add0~24      ; |behavioural|my_counter:inst|sixteenbitcounter:u2|Add0~25      ; cout             ;
; |behavioural|my_counter:inst|sixteenbitcounter:u2|Add0~26      ; |behavioural|my_counter:inst|sixteenbitcounter:u2|Add0~26      ; combout          ;
; |behavioural|my_counter:inst|sixteenbitcounter:u2|Add0~26      ; |behavioural|my_counter:inst|sixteenbitcounter:u2|Add0~27      ; cout             ;
; |behavioural|my_counter:inst|sixteenbitcounter:u2|Add0~28      ; |behavioural|my_counter:inst|sixteenbitcounter:u2|Add0~28      ; combout          ;
; |behavioural|my_counter:inst|sixteenbitcounter:u2|Add0~28      ; |behavioural|my_counter:inst|sixteenbitcounter:u2|Add0~29      ; cout             ;
; |behavioural|my_counter:inst|sixteenbitcounter:u2|Add0~30      ; |behavioural|my_counter:inst|sixteenbitcounter:u2|Add0~30      ; combout          ;
; |behavioural|my_counter:inst|sixteenbitcounter:u1|Y[15]        ; |behavioural|my_counter:inst|sixteenbitcounter:u1|Y[15]        ; regout           ;
; |behavioural|my_counter:inst|sixteenbitcounter:u1|Y[14]        ; |behavioural|my_counter:inst|sixteenbitcounter:u1|Y[14]        ; regout           ;
; |behavioural|my_counter:inst|sixteenbitcounter:u1|Y[13]        ; |behavioural|my_counter:inst|sixteenbitcounter:u1|Y[13]        ; regout           ;
; |behavioural|my_counter:inst|sixteenbitcounter:u1|Y[12]        ; |behavioural|my_counter:inst|sixteenbitcounter:u1|Y[12]        ; regout           ;
; |behavioural|my_counter:inst|sixteenbitcounter:u1|Y[11]        ; |behavioural|my_counter:inst|sixteenbitcounter:u1|Y[11]        ; regout           ;
; |behavioural|my_counter:inst|sixteenbitcounter:u1|Y[10]        ; |behavioural|my_counter:inst|sixteenbitcounter:u1|Y[10]        ; regout           ;
; |behavioural|my_counter:inst|sixteenbitcounter:u1|Y[9]         ; |behavioural|my_counter:inst|sixteenbitcounter:u1|Y[9]         ; regout           ;
; |behavioural|my_counter:inst|sixteenbitcounter:u1|Y[8]         ; |behavioural|my_counter:inst|sixteenbitcounter:u1|Y[8]         ; regout           ;
; |behavioural|my_counter:inst|sixteenbitcounter:u1|Y[7]         ; |behavioural|my_counter:inst|sixteenbitcounter:u1|Y[7]         ; regout           ;
; |behavioural|my_counter:inst|sixteenbitcounter:u1|Y[6]         ; |behavioural|my_counter:inst|sixteenbitcounter:u1|Y[6]         ; regout           ;
; |behavioural|my_counter:inst|sixteenbitcounter:u1|Y[5]         ; |behavioural|my_counter:inst|sixteenbitcounter:u1|Y[5]         ; regout           ;
; |behavioural|my_counter:inst|sixteenbitcounter:u1|Y[4]         ; |behavioural|my_counter:inst|sixteenbitcounter:u1|Y[4]         ; regout           ;
; |behavioural|my_counter:inst|sixteenbitcounter:u2|Y[15]        ; |behavioural|my_counter:inst|sixteenbitcounter:u2|Y[15]        ; regout           ;
; |behavioural|my_counter:inst|sixteenbitcounter:u2|Y[14]        ; |behavioural|my_counter:inst|sixteenbitcounter:u2|Y[14]        ; regout           ;
; |behavioural|my_counter:inst|sixteenbitcounter:u2|Y[13]        ; |behavioural|my_counter:inst|sixteenbitcounter:u2|Y[13]        ; regout           ;
; |behavioural|my_counter:inst|sixteenbitcounter:u2|Y[12]        ; |behavioural|my_counter:inst|sixteenbitcounter:u2|Y[12]        ; regout           ;
; |behavioural|my_counter:inst|sixteenbitcounter:u2|Y[11]        ; |behavioural|my_counter:inst|sixteenbitcounter:u2|Y[11]        ; regout           ;
; |behavioural|my_counter:inst|sixteenbitcounter:u2|Y[10]        ; |behavioural|my_counter:inst|sixteenbitcounter:u2|Y[10]        ; regout           ;
; |behavioural|my_counter:inst|sixteenbitcounter:u2|Y[9]         ; |behavioural|my_counter:inst|sixteenbitcounter:u2|Y[9]         ; regout           ;
; |behavioural|my_counter:inst|sixteenbitcounter:u2|Y[8]         ; |behavioural|my_counter:inst|sixteenbitcounter:u2|Y[8]         ; regout           ;
; |behavioural|my_counter:inst|sixteenbitcounter:u2|Y[7]         ; |behavioural|my_counter:inst|sixteenbitcounter:u2|Y[7]         ; regout           ;
; |behavioural|my_counter:inst|sixteenbitcounter:u2|Y[6]         ; |behavioural|my_counter:inst|sixteenbitcounter:u2|Y[6]         ; regout           ;
; |behavioural|my_counter:inst|sixteenbitcounter:u2|Y[5]         ; |behavioural|my_counter:inst|sixteenbitcounter:u2|Y[5]         ; regout           ;
; |behavioural|my_counter:inst|sixteenbitcounter:u2|Y[4]         ; |behavioural|my_counter:inst|sixteenbitcounter:u2|Y[4]         ; regout           ;
; |behavioural|my_counter:inst|sixteenbitcounter:u1|x[15]        ; |behavioural|my_counter:inst|sixteenbitcounter:u1|x[15]        ; regout           ;
; |behavioural|my_counter:inst|sixteenbitcounter:u1|x[14]        ; |behavioural|my_counter:inst|sixteenbitcounter:u1|x[14]        ; regout           ;
; |behavioural|my_counter:inst|sixteenbitcounter:u1|x[13]        ; |behavioural|my_counter:inst|sixteenbitcounter:u1|x[13]        ; regout           ;
; |behavioural|my_counter:inst|sixteenbitcounter:u1|x[12]        ; |behavioural|my_counter:inst|sixteenbitcounter:u1|x[12]        ; regout           ;
; |behavioural|my_counter:inst|sixteenbitcounter:u1|x[11]        ; |behavioural|my_counter:inst|sixteenbitcounter:u1|x[11]        ; regout           ;
; |behavioural|my_counter:inst|sixteenbitcounter:u1|x[10]        ; |behavioural|my_counter:inst|sixteenbitcounter:u1|x[10]        ; regout           ;
; |behavioural|my_counter:inst|sixteenbitcounter:u1|x[9]         ; |behavioural|my_counter:inst|sixteenbitcounter:u1|x[9]         ; regout           ;
; |behavioural|my_counter:inst|sixteenbitcounter:u1|x[8]         ; |behavioural|my_counter:inst|sixteenbitcounter:u1|x[8]         ; regout           ;
; |behavioural|my_counter:inst|sixteenbitcounter:u1|x[7]         ; |behavioural|my_counter:inst|sixteenbitcounter:u1|x[7]         ; regout           ;
; |behavioural|my_counter:inst|sixteenbitcounter:u1|x[6]         ; |behavioural|my_counter:inst|sixteenbitcounter:u1|x[6]         ; regout           ;
; |behavioural|my_counter:inst|sixteenbitcounter:u1|x[5]         ; |behavioural|my_counter:inst|sixteenbitcounter:u1|x[5]         ; regout           ;
; |behavioural|my_counter:inst|sixteenbitcounter:u1|x[4]         ; |behavioural|my_counter:inst|sixteenbitcounter:u1|x[4]         ; regout           ;
; |behavioural|my_counter:inst|sixteenbitcounter:u2|x[15]        ; |behavioural|my_counter:inst|sixteenbitcounter:u2|x[15]        ; regout           ;
; |behavioural|my_counter:inst|sixteenbitcounter:u2|x[14]        ; |behavioural|my_counter:inst|sixteenbitcounter:u2|x[14]        ; regout           ;
; |behavioural|my_counter:inst|sixteenbitcounter:u2|x[13]        ; |behavioural|my_counter:inst|sixteenbitcounter:u2|x[13]        ; regout           ;
; |behavioural|my_counter:inst|sixteenbitcounter:u2|x[12]        ; |behavioural|my_counter:inst|sixteenbitcounter:u2|x[12]        ; regout           ;
; |behavioural|my_counter:inst|sixteenbitcounter:u2|x[11]        ; |behavioural|my_counter:inst|sixteenbitcounter:u2|x[11]        ; regout           ;
; |behavioural|my_counter:inst|sixteenbitcounter:u2|x[10]        ; |behavioural|my_counter:inst|sixteenbitcounter:u2|x[10]        ; regout           ;
; |behavioural|my_counter:inst|sixteenbitcounter:u2|x[9]         ; |behavioural|my_counter:inst|sixteenbitcounter:u2|x[9]         ; regout           ;
; |behavioural|my_counter:inst|sixteenbitcounter:u2|x[8]         ; |behavioural|my_counter:inst|sixteenbitcounter:u2|x[8]         ; regout           ;
; |behavioural|my_counter:inst|sixteenbitcounter:u2|x[7]         ; |behavioural|my_counter:inst|sixteenbitcounter:u2|x[7]         ; regout           ;
; |behavioural|my_counter:inst|sixteenbitcounter:u2|x[6]         ; |behavioural|my_counter:inst|sixteenbitcounter:u2|x[6]         ; regout           ;
; |behavioural|my_counter:inst|sixteenbitcounter:u2|x[5]         ; |behavioural|my_counter:inst|sixteenbitcounter:u2|x[5]         ; regout           ;
; |behavioural|my_counter:inst|sixteenbitcounter:u2|x[4]         ; |behavioural|my_counter:inst|sixteenbitcounter:u2|x[4]         ; regout           ;
; |behavioural|Y1[15]                                            ; |behavioural|Y1[15]                                            ; padio            ;
; |behavioural|Y1[14]                                            ; |behavioural|Y1[14]                                            ; padio            ;
; |behavioural|Y1[13]                                            ; |behavioural|Y1[13]                                            ; padio            ;
; |behavioural|Y1[12]                                            ; |behavioural|Y1[12]                                            ; padio            ;
; |behavioural|Y1[11]                                            ; |behavioural|Y1[11]                                            ; padio            ;
; |behavioural|Y1[10]                                            ; |behavioural|Y1[10]                                            ; padio            ;
; |behavioural|Y1[9]                                             ; |behavioural|Y1[9]                                             ; padio            ;
; |behavioural|Y1[8]                                             ; |behavioural|Y1[8]                                             ; padio            ;
; |behavioural|Y1[7]                                             ; |behavioural|Y1[7]                                             ; padio            ;
; |behavioural|Y1[6]                                             ; |behavioural|Y1[6]                                             ; padio            ;
; |behavioural|Y1[5]                                             ; |behavioural|Y1[5]                                             ; padio            ;
; |behavioural|Y1[4]                                             ; |behavioural|Y1[4]                                             ; padio            ;
; |behavioural|Y2[15]                                            ; |behavioural|Y2[15]                                            ; padio            ;
; |behavioural|Y2[14]                                            ; |behavioural|Y2[14]                                            ; padio            ;
; |behavioural|Y2[13]                                            ; |behavioural|Y2[13]                                            ; padio            ;
; |behavioural|Y2[12]                                            ; |behavioural|Y2[12]                                            ; padio            ;
; |behavioural|Y2[11]                                            ; |behavioural|Y2[11]                                            ; padio            ;
; |behavioural|Y2[10]                                            ; |behavioural|Y2[10]                                            ; padio            ;
; |behavioural|Y2[9]                                             ; |behavioural|Y2[9]                                             ; padio            ;
; |behavioural|Y2[8]                                             ; |behavioural|Y2[8]                                             ; padio            ;
; |behavioural|Y2[7]                                             ; |behavioural|Y2[7]                                             ; padio            ;
; |behavioural|Y2[6]                                             ; |behavioural|Y2[6]                                             ; padio            ;
; |behavioural|Y2[5]                                             ; |behavioural|Y2[5]                                             ; padio            ;
; |behavioural|Y2[4]                                             ; |behavioural|Y2[4]                                             ; padio            ;
; |behavioural|my_counter:inst|sixteenbitcounter:u1|Y[5]~feeder  ; |behavioural|my_counter:inst|sixteenbitcounter:u1|Y[5]~feeder  ; combout          ;
; |behavioural|my_counter:inst|sixteenbitcounter:u1|Y[6]~feeder  ; |behavioural|my_counter:inst|sixteenbitcounter:u1|Y[6]~feeder  ; combout          ;
; |behavioural|my_counter:inst|sixteenbitcounter:u1|Y[7]~feeder  ; |behavioural|my_counter:inst|sixteenbitcounter:u1|Y[7]~feeder  ; combout          ;
; |behavioural|my_counter:inst|sixteenbitcounter:u1|Y[8]~feeder  ; |behavioural|my_counter:inst|sixteenbitcounter:u1|Y[8]~feeder  ; combout          ;
; |behavioural|my_counter:inst|sixteenbitcounter:u1|Y[9]~feeder  ; |behavioural|my_counter:inst|sixteenbitcounter:u1|Y[9]~feeder  ; combout          ;
; |behavioural|my_counter:inst|sixteenbitcounter:u1|Y[10]~feeder ; |behavioural|my_counter:inst|sixteenbitcounter:u1|Y[10]~feeder ; combout          ;
; |behavioural|my_counter:inst|sixteenbitcounter:u1|Y[11]~feeder ; |behavioural|my_counter:inst|sixteenbitcounter:u1|Y[11]~feeder ; combout          ;
; |behavioural|my_counter:inst|sixteenbitcounter:u1|Y[12]~feeder ; |behavioural|my_counter:inst|sixteenbitcounter:u1|Y[12]~feeder ; combout          ;
; |behavioural|my_counter:inst|sixteenbitcounter:u1|Y[13]~feeder ; |behavioural|my_counter:inst|sixteenbitcounter:u1|Y[13]~feeder ; combout          ;
; |behavioural|my_counter:inst|sixteenbitcounter:u1|Y[14]~feeder ; |behavioural|my_counter:inst|sixteenbitcounter:u1|Y[14]~feeder ; combout          ;
; |behavioural|my_counter:inst|sixteenbitcounter:u1|Y[15]~feeder ; |behavioural|my_counter:inst|sixteenbitcounter:u1|Y[15]~feeder ; combout          ;
; |behavioural|my_counter:inst|sixteenbitcounter:u2|Y[5]~feeder  ; |behavioural|my_counter:inst|sixteenbitcounter:u2|Y[5]~feeder  ; combout          ;
; |behavioural|my_counter:inst|sixteenbitcounter:u2|Y[6]~feeder  ; |behavioural|my_counter:inst|sixteenbitcounter:u2|Y[6]~feeder  ; combout          ;
; |behavioural|my_counter:inst|sixteenbitcounter:u2|Y[7]~feeder  ; |behavioural|my_counter:inst|sixteenbitcounter:u2|Y[7]~feeder  ; combout          ;
; |behavioural|my_counter:inst|sixteenbitcounter:u2|Y[8]~feeder  ; |behavioural|my_counter:inst|sixteenbitcounter:u2|Y[8]~feeder  ; combout          ;
; |behavioural|my_counter:inst|sixteenbitcounter:u2|Y[9]~feeder  ; |behavioural|my_counter:inst|sixteenbitcounter:u2|Y[9]~feeder  ; combout          ;
; |behavioural|my_counter:inst|sixteenbitcounter:u2|Y[11]~feeder ; |behavioural|my_counter:inst|sixteenbitcounter:u2|Y[11]~feeder ; combout          ;
; |behavioural|my_counter:inst|sixteenbitcounter:u2|Y[12]~feeder ; |behavioural|my_counter:inst|sixteenbitcounter:u2|Y[12]~feeder ; combout          ;
; |behavioural|my_counter:inst|sixteenbitcounter:u2|Y[13]~feeder ; |behavioural|my_counter:inst|sixteenbitcounter:u2|Y[13]~feeder ; combout          ;
; |behavioural|my_counter:inst|sixteenbitcounter:u2|Y[14]~feeder ; |behavioural|my_counter:inst|sixteenbitcounter:u2|Y[14]~feeder ; combout          ;
+----------------------------------------------------------------+----------------------------------------------------------------+------------------+


+---------------------+
; Simulator INI Usage ;
+--------+------------+
; Option ; Usage      ;
+--------+------------+


+--------------------+
; Simulator Messages ;
+--------------------+
Info: *******************************************************************
Info: Running Quartus II Simulator
    Info: Version 9.1 Build 350 03/24/2010 Service Pack 2 SJ Full Version
    Info: Processing started: Fri Nov 05 10:39:48 2010
Info: Command: quartus_sim --read_settings_files=on --write_settings_files=off behavioural -c behavioural
Info: Using vector source file "C:/Users/noutram/Desktop/ELEC226 Session 5/tasks/Task 02-02 - clocked counter multi arch/behavioural_tests.vwf"
Info: Option to preserve fewer signal transitions to reduce memory requirements is enabled
    Info: Simulation has been partitioned into sub-simulations according to the maximum transition count determined by the engine. Transitions from memory will be flushed out to disk at the end of each sub-simulation to reduce memory requirements.
Info: Simulation partitioned into 1 sub-simulations
Info: Simulation coverage is      29.03 %
Info: Number of transitions in simulation is 817
Info: Quartus II Simulator was successful. 0 errors, 0 warnings
    Info: Peak virtual memory: 154 megabytes
    Info: Processing ended: Fri Nov 05 10:39:50 2010
    Info: Elapsed time: 00:00:02
    Info: Total CPU time (on all processors): 00:00:00


