Classic Timing Analyzer report for example
Fri Oct 15 07:48:18 2010
Quartus II Version 9.1 Build 350 03/24/2010 Service Pack 2 SJ Full Version


---------------------
; Table of Contents ;
---------------------
  1. Legal Notice
  2. Timing Analyzer Summary
  3. Timing Analyzer Settings
  4. tpd
  5. Timing Analyzer Messages



----------------
; Legal Notice ;
----------------
Copyright (C) 1991-2010 Altera Corporation
Your use of Altera Corporation's design tools, logic functions 
and other software and tools, and its AMPP partner logic 
functions, and any output files from any of the foregoing 
(including device programming or simulation files), and any 
associated documentation or information are expressly subject 
to the terms and conditions of the Altera Program License 
Subscription Agreement, Altera MegaCore Function License 
Agreement, or other applicable license agreement, including, 
without limitation, that your use is for the sole purpose of 
programming logic devices manufactured by Altera and sold by 
Altera or its authorized distributors.  Please refer to the 
applicable agreement for further details.



+--------------------------------------------------------------------------------------------------------------------------+
; Timing Analyzer Summary                                                                                                  ;
+------------------------------+-------+---------------+-------------+------+-------+------------+----------+--------------+
; Type                         ; Slack ; Required Time ; Actual Time ; From ; To    ; From Clock ; To Clock ; Failed Paths ;
+------------------------------+-------+---------------+-------------+------+-------+------------+----------+--------------+
; Worst-case tpd               ; N/A   ; None          ; 9.725 ns    ; A[3] ; OP[3] ; --         ; --       ; 0            ;
; Total number of failed paths ;       ;               ;             ;      ;       ;            ;          ; 0            ;
+------------------------------+-------+---------------+-------------+------+-------+------------+----------+--------------+


+-----------------------------------------------------------------------------------------------------------------------------------------------------+
; Timing Analyzer Settings                                                                                                                            ;
+------------------------------------------------------------------------------------------------------+--------------------+------+----+-------------+
; Option                                                                                               ; Setting            ; From ; To ; Entity Name ;
+------------------------------------------------------------------------------------------------------+--------------------+------+----+-------------+
; Device Name                                                                                          ; EP2C5Q208C7        ;      ;    ;             ;
; Timing Models                                                                                        ; Final              ;      ;    ;             ;
; Default hold multicycle                                                                              ; Same as Multicycle ;      ;    ;             ;
; Cut paths between unrelated clock domains                                                            ; On                 ;      ;    ;             ;
; Cut off read during write signal paths                                                               ; On                 ;      ;    ;             ;
; Cut off feedback from I/O pins                                                                       ; On                 ;      ;    ;             ;
; Report Combined Fast/Slow Timing                                                                     ; Off                ;      ;    ;             ;
; Ignore Clock Settings                                                                                ; Off                ;      ;    ;             ;
; Analyze latches as synchronous elements                                                              ; On                 ;      ;    ;             ;
; Enable Recovery/Removal analysis                                                                     ; Off                ;      ;    ;             ;
; Enable Clock Latency                                                                                 ; Off                ;      ;    ;             ;
; Use TimeQuest Timing Analyzer                                                                        ; Off                ;      ;    ;             ;
; Number of source nodes to report per destination node                                                ; 10                 ;      ;    ;             ;
; Number of destination nodes to report                                                                ; 10                 ;      ;    ;             ;
; Number of paths to report                                                                            ; 200                ;      ;    ;             ;
; Report Minimum Timing Checks                                                                         ; Off                ;      ;    ;             ;
; Use Fast Timing Models                                                                               ; Off                ;      ;    ;             ;
; Report IO Paths Separately                                                                           ; Off                ;      ;    ;             ;
; Perform Multicorner Analysis                                                                         ; On                 ;      ;    ;             ;
; Reports the worst-case path for each clock domain and analysis                                       ; Off                ;      ;    ;             ;
; Reports worst-case timing paths for each clock domain and analysis                                   ; On                 ;      ;    ;             ;
; Specifies the maximum number of worst-case timing paths to report for each clock domain and analysis ; 100                ;      ;    ;             ;
; Removes common clock path pessimism (CCPP) during slack computation                                  ; Off                ;      ;    ;             ;
; Output I/O Timing Endpoint                                                                           ; Near End           ;      ;    ;             ;
+------------------------------------------------------------------------------------------------------+--------------------+------+----+-------------+


+------------------------------------------------------------+
; tpd                                                        ;
+-------+-------------------+-----------------+------+-------+
; Slack ; Required P2P Time ; Actual P2P Time ; From ; To    ;
+-------+-------------------+-----------------+------+-------+
; N/A   ; None              ; 9.725 ns        ; A[3] ; OP[3] ;
; N/A   ; None              ; 9.501 ns        ; A[6] ; OP[6] ;
; N/A   ; None              ; 8.989 ns        ; A[4] ; OP[4] ;
; N/A   ; None              ; 8.664 ns        ; A[7] ; OP[7] ;
; N/A   ; None              ; 8.644 ns        ; A[5] ; OP[5] ;
; N/A   ; None              ; 5.041 ns        ; A[0] ; OP[0] ;
; N/A   ; None              ; 4.732 ns        ; A[2] ; OP[2] ;
; N/A   ; None              ; 4.724 ns        ; A[1] ; OP[1] ;
+-------+-------------------+-----------------+------+-------+


+--------------------------+
; Timing Analyzer Messages ;
+--------------------------+
Info: *******************************************************************
Info: Running Quartus II Classic Timing Analyzer
    Info: Version 9.1 Build 350 03/24/2010 Service Pack 2 SJ Full Version
    Info: Processing started: Fri Oct 15 07:48:18 2010
Info: Command: quartus_tan --read_settings_files=off --write_settings_files=off example -c example --timing_analysis_only
Info: Only one processor detected - disabling parallel compilation
Info: Longest tpd from source pin "A[3]" to destination pin "OP[3]" is 9.725 ns
    Info: 1: + IC(0.000 ns) + CELL(0.923 ns) = 0.923 ns; Loc. = PIN_201; Fanout = 1; PIN Node = 'A[3]'
    Info: 2: + IC(5.736 ns) + CELL(3.066 ns) = 9.725 ns; Loc. = PIN_199; Fanout = 0; PIN Node = 'OP[3]'
    Info: Total cell delay = 3.989 ns ( 41.02 % )
    Info: Total interconnect delay = 5.736 ns ( 58.98 % )
Info: Quartus II Classic Timing Analyzer was successful. 0 errors, 0 warnings
    Info: Peak virtual memory: 176 megabytes
    Info: Processing ended: Fri Oct 15 07:48:18 2010
    Info: Elapsed time: 00:00:00
    Info: Total CPU time (on all processors): 00:00:00


