Classic Timing Analyzer report for behavioural
Thu Nov 11 17:10:33 2010
Quartus II Version 9.1 Build 350 03/24/2010 Service Pack 2 SJ Full Version


---------------------
; Table of Contents ;
---------------------
  1. Legal Notice
  2. Timing Analyzer Summary
  3. Timing Analyzer Settings
  4. Clock Settings Summary
  5. Clock Setup: 'CLK'
  6. tsu
  7. tco
  8. th
  9. Timing Analyzer Messages



----------------
; Legal Notice ;
----------------
Copyright (C) 1991-2010 Altera Corporation
Your use of Altera Corporation's design tools, logic functions 
and other software and tools, and its AMPP partner logic 
functions, and any output files from any of the foregoing 
(including device programming or simulation files), and any 
associated documentation or information are expressly subject 
to the terms and conditions of the Altera Program License 
Subscription Agreement, Altera MegaCore Function License 
Agreement, or other applicable license agreement, including, 
without limitation, that your use is for the sole purpose of 
programming logic devices manufactured by Altera and sold by 
Altera or its authorized distributors.  Please refer to the 
applicable agreement for further details.



+------------------------------------------------------------------------------------------------------------------------------------------------------------------------------------------------------------------+
; Timing Analyzer Summary                                                                                                                                                                                          ;
+------------------------------+-------+---------------+------------------------------------------------+---------------------------------+---------------------------------+------------+----------+--------------+
; Type                         ; Slack ; Required Time ; Actual Time                                    ; From                            ; To                              ; From Clock ; To Clock ; Failed Paths ;
+------------------------------+-------+---------------+------------------------------------------------+---------------------------------+---------------------------------+------------+----------+--------------+
; Worst-case tsu               ; N/A   ; None          ; 4.692 ns                                       ; SET                             ; uop_jkflipflop:inst|outputState ; --         ; CLK      ; 0            ;
; Worst-case tco               ; N/A   ; None          ; 6.657 ns                                       ; uop_jkflipflop:inst|outputState ; Y                               ; CLK        ; --       ; 0            ;
; Worst-case th                ; N/A   ; None          ; -3.792 ns                                      ; RESET                           ; uop_jkflipflop:inst|outputState ; --         ; CLK      ; 0            ;
; Clock Setup: 'CLK'           ; N/A   ; None          ; Restricted to 405.02 MHz ( period = 2.469 ns ) ; uop_jkflipflop:inst|outputState ; uop_jkflipflop:inst|outputState ; CLK        ; CLK      ; 0            ;
; Total number of failed paths ;       ;               ;                                                ;                                 ;                                 ;            ;          ; 0            ;
+------------------------------+-------+---------------+------------------------------------------------+---------------------------------+---------------------------------+------------+----------+--------------+


+-----------------------------------------------------------------------------------------------------------------------------------------------------+
; Timing Analyzer Settings                                                                                                                            ;
+------------------------------------------------------------------------------------------------------+--------------------+------+----+-------------+
; Option                                                                                               ; Setting            ; From ; To ; Entity Name ;
+------------------------------------------------------------------------------------------------------+--------------------+------+----+-------------+
; Device Name                                                                                          ; EP2C5Q208C7        ;      ;    ;             ;
; Timing Models                                                                                        ; Final              ;      ;    ;             ;
; Default hold multicycle                                                                              ; Same as Multicycle ;      ;    ;             ;
; Cut paths between unrelated clock domains                                                            ; On                 ;      ;    ;             ;
; Cut off read during write signal paths                                                               ; On                 ;      ;    ;             ;
; Cut off feedback from I/O pins                                                                       ; On                 ;      ;    ;             ;
; Report Combined Fast/Slow Timing                                                                     ; Off                ;      ;    ;             ;
; Ignore Clock Settings                                                                                ; Off                ;      ;    ;             ;
; Analyze latches as synchronous elements                                                              ; On                 ;      ;    ;             ;
; Enable Recovery/Removal analysis                                                                     ; Off                ;      ;    ;             ;
; Enable Clock Latency                                                                                 ; Off                ;      ;    ;             ;
; Use TimeQuest Timing Analyzer                                                                        ; Off                ;      ;    ;             ;
; Minimum Core Junction Temperature                                                                    ; 0                  ;      ;    ;             ;
; Maximum Core Junction Temperature                                                                    ; 85                 ;      ;    ;             ;
; Number of source nodes to report per destination node                                                ; 10                 ;      ;    ;             ;
; Number of destination nodes to report                                                                ; 10                 ;      ;    ;             ;
; Number of paths to report                                                                            ; 200                ;      ;    ;             ;
; Report Minimum Timing Checks                                                                         ; Off                ;      ;    ;             ;
; Use Fast Timing Models                                                                               ; Off                ;      ;    ;             ;
; Report IO Paths Separately                                                                           ; Off                ;      ;    ;             ;
; Perform Multicorner Analysis                                                                         ; On                 ;      ;    ;             ;
; Reports the worst-case path for each clock domain and analysis                                       ; Off                ;      ;    ;             ;
; Reports worst-case timing paths for each clock domain and analysis                                   ; On                 ;      ;    ;             ;
; Specifies the maximum number of worst-case timing paths to report for each clock domain and analysis ; 100                ;      ;    ;             ;
; Removes common clock path pessimism (CCPP) during slack computation                                  ; Off                ;      ;    ;             ;
; Output I/O Timing Endpoint                                                                           ; Near End           ;      ;    ;             ;
+------------------------------------------------------------------------------------------------------+--------------------+------+----+-------------+


+------------------------------------------------------------------------------------------------------------------------------------------------------------------------------------+
; Clock Settings Summary                                                                                                                                                             ;
+-----------------+--------------------+----------+------------------+---------------+--------------+----------+-----------------------+---------------------+--------+--------------+
; Clock Node Name ; Clock Setting Name ; Type     ; Fmax Requirement ; Early Latency ; Late Latency ; Based on ; Multiply Base Fmax by ; Divide Base Fmax by ; Offset ; Phase offset ;
+-----------------+--------------------+----------+------------------+---------------+--------------+----------+-----------------------+---------------------+--------+--------------+
; CLK             ;                    ; User Pin ; None             ; 0.000 ns      ; 0.000 ns     ; --       ; N/A                   ; N/A                 ; N/A    ;              ;
+-----------------+--------------------+----------+------------------+---------------+--------------+----------+-----------------------+---------------------+--------+--------------+


+----------------------------------------------------------------------------------------------------------------------------------------------------------------------------------------------------------------------------------------+
; Clock Setup: 'CLK'                                                                                                                                                                                                                     ;
+-------+------------------------------------------------+---------------------------------+---------------------------------+------------+----------+-----------------------------+---------------------------+-------------------------+
; Slack ; Actual fmax (period)                           ; From                            ; To                              ; From Clock ; To Clock ; Required Setup Relationship ; Required Longest P2P Time ; Actual Longest P2P Time ;
+-------+------------------------------------------------+---------------------------------+---------------------------------+------------+----------+-----------------------------+---------------------------+-------------------------+
; N/A   ; Restricted to 405.02 MHz ( period = 2.469 ns ) ; uop_jkflipflop:inst|outputState ; uop_jkflipflop:inst|outputState ; CLK        ; CLK      ; None                        ; None                      ; 0.454 ns                ;
+-------+------------------------------------------------+---------------------------------+---------------------------------+------------+----------+-----------------------------+---------------------------+-------------------------+


+----------------------------------------------------------------------------------------+
; tsu                                                                                    ;
+-------+--------------+------------+-------+---------------------------------+----------+
; Slack ; Required tsu ; Actual tsu ; From  ; To                              ; To Clock ;
+-------+--------------+------------+-------+---------------------------------+----------+
; N/A   ; None         ; 4.692 ns   ; SET   ; uop_jkflipflop:inst|outputState ; CLK      ;
; N/A   ; None         ; 4.040 ns   ; RESET ; uop_jkflipflop:inst|outputState ; CLK      ;
+-------+--------------+------------+-------+---------------------------------+----------+


+---------------------------------------------------------------------------------------+
; tco                                                                                   ;
+-------+--------------+------------+---------------------------------+----+------------+
; Slack ; Required tco ; Actual tco ; From                            ; To ; From Clock ;
+-------+--------------+------------+---------------------------------+----+------------+
; N/A   ; None         ; 6.657 ns   ; uop_jkflipflop:inst|outputState ; Y  ; CLK        ;
+-------+--------------+------------+---------------------------------+----+------------+


+----------------------------------------------------------------------------------------------+
; th                                                                                           ;
+---------------+-------------+-----------+-------+---------------------------------+----------+
; Minimum Slack ; Required th ; Actual th ; From  ; To                              ; To Clock ;
+---------------+-------------+-----------+-------+---------------------------------+----------+
; N/A           ; None        ; -3.792 ns ; RESET ; uop_jkflipflop:inst|outputState ; CLK      ;
; N/A           ; None        ; -4.444 ns ; SET   ; uop_jkflipflop:inst|outputState ; CLK      ;
+---------------+-------------+-----------+-------+---------------------------------+----------+


+--------------------------+
; Timing Analyzer Messages ;
+--------------------------+
Info: *******************************************************************
Info: Running Quartus II Classic Timing Analyzer
    Info: Version 9.1 Build 350 03/24/2010 Service Pack 2 SJ Full Version
    Info: Processing started: Thu Nov 11 17:10:33 2010
Info: Command: quartus_tan --read_settings_files=off --write_settings_files=off behavioural -c behavioural --timing_analysis_only
Info: Only one processor detected - disabling parallel compilation
Warning: Found pins functioning as undefined clocks and/or memory enables
    Info: Assuming node "CLK" is an undefined clock
Info: Clock "CLK" Internal fmax is restricted to 405.02 MHz between source register "uop_jkflipflop:inst|outputState" and destination register "uop_jkflipflop:inst|outputState"
    Info: fmax restricted to clock pin edge rate 2.469 ns. Expand message to see actual delay path.
        Info: + Longest register to register delay is 0.454 ns
            Info: 1: + IC(0.000 ns) + CELL(0.000 ns) = 0.000 ns; Loc. = LCFF_X1_Y5_N9; Fanout = 2; REG Node = 'uop_jkflipflop:inst|outputState'
            Info: 2: + IC(0.000 ns) + CELL(0.358 ns) = 0.358 ns; Loc. = LCCOMB_X1_Y5_N8; Fanout = 1; COMB Node = 'uop_jkflipflop:inst|outputState~0'
            Info: 3: + IC(0.000 ns) + CELL(0.096 ns) = 0.454 ns; Loc. = LCFF_X1_Y5_N9; Fanout = 2; REG Node = 'uop_jkflipflop:inst|outputState'
            Info: Total cell delay = 0.454 ns ( 100.00 % )
        Info: - Smallest clock skew is 0.000 ns
            Info: + Shortest clock path from clock "CLK" to destination register is 2.290 ns
                Info: 1: + IC(0.000 ns) + CELL(0.914 ns) = 0.914 ns; Loc. = PIN_30; Fanout = 1; CLK Node = 'CLK'
                Info: 2: + IC(0.774 ns) + CELL(0.602 ns) = 2.290 ns; Loc. = LCFF_X1_Y5_N9; Fanout = 2; REG Node = 'uop_jkflipflop:inst|outputState'
                Info: Total cell delay = 1.516 ns ( 66.20 % )
                Info: Total interconnect delay = 0.774 ns ( 33.80 % )
            Info: - Longest clock path from clock "CLK" to source register is 2.290 ns
                Info: 1: + IC(0.000 ns) + CELL(0.914 ns) = 0.914 ns; Loc. = PIN_30; Fanout = 1; CLK Node = 'CLK'
                Info: 2: + IC(0.774 ns) + CELL(0.602 ns) = 2.290 ns; Loc. = LCFF_X1_Y5_N9; Fanout = 2; REG Node = 'uop_jkflipflop:inst|outputState'
                Info: Total cell delay = 1.516 ns ( 66.20 % )
                Info: Total interconnect delay = 0.774 ns ( 33.80 % )
        Info: + Micro clock to output delay of source is 0.277 ns
        Info: + Micro setup delay of destination is -0.038 ns
Info: tsu for register "uop_jkflipflop:inst|outputState" (data pin = "SET", clock pin = "CLK") is 4.692 ns
    Info: + Longest pin to register delay is 7.020 ns
        Info: 1: + IC(0.000 ns) + CELL(0.924 ns) = 0.924 ns; Loc. = PIN_14; Fanout = 1; PIN Node = 'SET'
        Info: 2: + IC(5.455 ns) + CELL(0.545 ns) = 6.924 ns; Loc. = LCCOMB_X1_Y5_N8; Fanout = 1; COMB Node = 'uop_jkflipflop:inst|outputState~0'
        Info: 3: + IC(0.000 ns) + CELL(0.096 ns) = 7.020 ns; Loc. = LCFF_X1_Y5_N9; Fanout = 2; REG Node = 'uop_jkflipflop:inst|outputState'
        Info: Total cell delay = 1.565 ns ( 22.29 % )
        Info: Total interconnect delay = 5.455 ns ( 77.71 % )
    Info: + Micro setup delay of destination is -0.038 ns
    Info: - Shortest clock path from clock "CLK" to destination register is 2.290 ns
        Info: 1: + IC(0.000 ns) + CELL(0.914 ns) = 0.914 ns; Loc. = PIN_30; Fanout = 1; CLK Node = 'CLK'
        Info: 2: + IC(0.774 ns) + CELL(0.602 ns) = 2.290 ns; Loc. = LCFF_X1_Y5_N9; Fanout = 2; REG Node = 'uop_jkflipflop:inst|outputState'
        Info: Total cell delay = 1.516 ns ( 66.20 % )
        Info: Total interconnect delay = 0.774 ns ( 33.80 % )
Info: tco from clock "CLK" to destination pin "Y" through register "uop_jkflipflop:inst|outputState" is 6.657 ns
    Info: + Longest clock path from clock "CLK" to source register is 2.290 ns
        Info: 1: + IC(0.000 ns) + CELL(0.914 ns) = 0.914 ns; Loc. = PIN_30; Fanout = 1; CLK Node = 'CLK'
        Info: 2: + IC(0.774 ns) + CELL(0.602 ns) = 2.290 ns; Loc. = LCFF_X1_Y5_N9; Fanout = 2; REG Node = 'uop_jkflipflop:inst|outputState'
        Info: Total cell delay = 1.516 ns ( 66.20 % )
        Info: Total interconnect delay = 0.774 ns ( 33.80 % )
    Info: + Micro clock to output delay of source is 0.277 ns
    Info: + Longest register to pin delay is 4.090 ns
        Info: 1: + IC(0.000 ns) + CELL(0.000 ns) = 0.000 ns; Loc. = LCFF_X1_Y5_N9; Fanout = 2; REG Node = 'uop_jkflipflop:inst|outputState'
        Info: 2: + IC(1.170 ns) + CELL(2.920 ns) = 4.090 ns; Loc. = PIN_5; Fanout = 0; PIN Node = 'Y'
        Info: Total cell delay = 2.920 ns ( 71.39 % )
        Info: Total interconnect delay = 1.170 ns ( 28.61 % )
Info: th for register "uop_jkflipflop:inst|outputState" (data pin = "RESET", clock pin = "CLK") is -3.792 ns
    Info: + Longest clock path from clock "CLK" to destination register is 2.290 ns
        Info: 1: + IC(0.000 ns) + CELL(0.914 ns) = 0.914 ns; Loc. = PIN_30; Fanout = 1; CLK Node = 'CLK'
        Info: 2: + IC(0.774 ns) + CELL(0.602 ns) = 2.290 ns; Loc. = LCFF_X1_Y5_N9; Fanout = 2; REG Node = 'uop_jkflipflop:inst|outputState'
        Info: Total cell delay = 1.516 ns ( 66.20 % )
        Info: Total interconnect delay = 0.774 ns ( 33.80 % )
    Info: + Micro hold delay of destination is 0.286 ns
    Info: - Shortest pin to register delay is 6.368 ns
        Info: 1: + IC(0.000 ns) + CELL(0.914 ns) = 0.914 ns; Loc. = PIN_32; Fanout = 1; PIN Node = 'RESET'
        Info: 2: + IC(4.837 ns) + CELL(0.521 ns) = 6.272 ns; Loc. = LCCOMB_X1_Y5_N8; Fanout = 1; COMB Node = 'uop_jkflipflop:inst|outputState~0'
        Info: 3: + IC(0.000 ns) + CELL(0.096 ns) = 6.368 ns; Loc. = LCFF_X1_Y5_N9; Fanout = 2; REG Node = 'uop_jkflipflop:inst|outputState'
        Info: Total cell delay = 1.531 ns ( 24.04 % )
        Info: Total interconnect delay = 4.837 ns ( 75.96 % )
Info: Quartus II Classic Timing Analyzer was successful. 0 errors, 1 warning
    Info: Peak virtual memory: 171 megabytes
    Info: Processing ended: Thu Nov 11 17:10:33 2010
    Info: Elapsed time: 00:00:00
    Info: Total CPU time (on all processors): 00:00:00


