Classic Timing Analyzer report for behavioural
Fri Oct 29 07:01:48 2010
Quartus II Version 9.1 Build 350 03/24/2010 Service Pack 2 SJ Full Version


---------------------
; Table of Contents ;
---------------------
  1. Legal Notice
  2. Timing Analyzer Summary
  3. Timing Analyzer Settings
  4. Clock Settings Summary
  5. tsu
  6. tco
  7. th
  8. Timing Analyzer Messages



----------------
; Legal Notice ;
----------------
Copyright (C) 1991-2010 Altera Corporation
Your use of Altera Corporation's design tools, logic functions 
and other software and tools, and its AMPP partner logic 
functions, and any output files from any of the foregoing 
(including device programming or simulation files), and any 
associated documentation or information are expressly subject 
to the terms and conditions of the Altera Program License 
Subscription Agreement, Altera MegaCore Function License 
Agreement, or other applicable license agreement, including, 
without limitation, that your use is for the sole purpose of 
programming logic devices manufactured by Altera and sold by 
Altera or its authorized distributors.  Please refer to the 
applicable agreement for further details.



+-------------------------------------------------------------------------------------------------------------------------------------------------------------------+
; Timing Analyzer Summary                                                                                                                                           ;
+------------------------------+-------+---------------+-------------+---------------------------+---------------------------+------------+----------+--------------+
; Type                         ; Slack ; Required Time ; Actual Time ; From                      ; To                        ; From Clock ; To Clock ; Failed Paths ;
+------------------------------+-------+---------------+-------------+---------------------------+---------------------------+------------+----------+--------------+
; Worst-case tsu               ; N/A   ; None          ; 5.016 ns    ; DATA                      ; dlatch_behavioural:inst|Q ; --         ; EN       ; 0            ;
; Worst-case tco               ; N/A   ; None          ; 5.838 ns    ; dlatch_behavioural:inst|Q ; Y                         ; EN         ; --       ; 0            ;
; Worst-case th                ; N/A   ; None          ; -4.225 ns   ; DATA                      ; dlatch_behavioural:inst|Q ; --         ; EN       ; 0            ;
; Total number of failed paths ;       ;               ;             ;                           ;                           ;            ;          ; 0            ;
+------------------------------+-------+---------------+-------------+---------------------------+---------------------------+------------+----------+--------------+


+-----------------------------------------------------------------------------------------------------------------------------------------------------+
; Timing Analyzer Settings                                                                                                                            ;
+------------------------------------------------------------------------------------------------------+--------------------+------+----+-------------+
; Option                                                                                               ; Setting            ; From ; To ; Entity Name ;
+------------------------------------------------------------------------------------------------------+--------------------+------+----+-------------+
; Device Name                                                                                          ; EP2C5Q208C7        ;      ;    ;             ;
; Timing Models                                                                                        ; Final              ;      ;    ;             ;
; Default hold multicycle                                                                              ; Same as Multicycle ;      ;    ;             ;
; Cut paths between unrelated clock domains                                                            ; On                 ;      ;    ;             ;
; Cut off read during write signal paths                                                               ; On                 ;      ;    ;             ;
; Cut off feedback from I/O pins                                                                       ; On                 ;      ;    ;             ;
; Report Combined Fast/Slow Timing                                                                     ; Off                ;      ;    ;             ;
; Ignore Clock Settings                                                                                ; Off                ;      ;    ;             ;
; Analyze latches as synchronous elements                                                              ; On                 ;      ;    ;             ;
; Enable Recovery/Removal analysis                                                                     ; Off                ;      ;    ;             ;
; Enable Clock Latency                                                                                 ; Off                ;      ;    ;             ;
; Use TimeQuest Timing Analyzer                                                                        ; Off                ;      ;    ;             ;
; Minimum Core Junction Temperature                                                                    ; 0                  ;      ;    ;             ;
; Maximum Core Junction Temperature                                                                    ; 85                 ;      ;    ;             ;
; Number of source nodes to report per destination node                                                ; 10                 ;      ;    ;             ;
; Number of destination nodes to report                                                                ; 10                 ;      ;    ;             ;
; Number of paths to report                                                                            ; 200                ;      ;    ;             ;
; Report Minimum Timing Checks                                                                         ; Off                ;      ;    ;             ;
; Use Fast Timing Models                                                                               ; Off                ;      ;    ;             ;
; Report IO Paths Separately                                                                           ; Off                ;      ;    ;             ;
; Perform Multicorner Analysis                                                                         ; On                 ;      ;    ;             ;
; Reports the worst-case path for each clock domain and analysis                                       ; Off                ;      ;    ;             ;
; Reports worst-case timing paths for each clock domain and analysis                                   ; On                 ;      ;    ;             ;
; Specifies the maximum number of worst-case timing paths to report for each clock domain and analysis ; 100                ;      ;    ;             ;
; Removes common clock path pessimism (CCPP) during slack computation                                  ; Off                ;      ;    ;             ;
; Output I/O Timing Endpoint                                                                           ; Near End           ;      ;    ;             ;
+------------------------------------------------------------------------------------------------------+--------------------+------+----+-------------+


+------------------------------------------------------------------------------------------------------------------------------------------------------------------------------------+
; Clock Settings Summary                                                                                                                                                             ;
+-----------------+--------------------+----------+------------------+---------------+--------------+----------+-----------------------+---------------------+--------+--------------+
; Clock Node Name ; Clock Setting Name ; Type     ; Fmax Requirement ; Early Latency ; Late Latency ; Based on ; Multiply Base Fmax by ; Divide Base Fmax by ; Offset ; Phase offset ;
+-----------------+--------------------+----------+------------------+---------------+--------------+----------+-----------------------+---------------------+--------+--------------+
; EN              ;                    ; User Pin ; None             ; 0.000 ns      ; 0.000 ns     ; --       ; N/A                   ; N/A                 ; N/A    ;              ;
+-----------------+--------------------+----------+------------------+---------------+--------------+----------+-----------------------+---------------------+--------+--------------+


+---------------------------------------------------------------------------------+
; tsu                                                                             ;
+-------+--------------+------------+------+---------------------------+----------+
; Slack ; Required tsu ; Actual tsu ; From ; To                        ; To Clock ;
+-------+--------------+------------+------+---------------------------+----------+
; N/A   ; None         ; 5.016 ns   ; DATA ; dlatch_behavioural:inst|Q ; EN       ;
+-------+--------------+------------+------+---------------------------+----------+


+---------------------------------------------------------------------------------+
; tco                                                                             ;
+-------+--------------+------------+---------------------------+----+------------+
; Slack ; Required tco ; Actual tco ; From                      ; To ; From Clock ;
+-------+--------------+------------+---------------------------+----+------------+
; N/A   ; None         ; 5.838 ns   ; dlatch_behavioural:inst|Q ; Y  ; EN         ;
+-------+--------------+------------+---------------------------+----+------------+


+---------------------------------------------------------------------------------------+
; th                                                                                    ;
+---------------+-------------+-----------+------+---------------------------+----------+
; Minimum Slack ; Required th ; Actual th ; From ; To                        ; To Clock ;
+---------------+-------------+-----------+------+---------------------------+----------+
; N/A           ; None        ; -4.225 ns ; DATA ; dlatch_behavioural:inst|Q ; EN       ;
+---------------+-------------+-----------+------+---------------------------+----------+


+--------------------------+
; Timing Analyzer Messages ;
+--------------------------+
Info: *******************************************************************
Info: Running Quartus II Classic Timing Analyzer
    Info: Version 9.1 Build 350 03/24/2010 Service Pack 2 SJ Full Version
    Info: Processing started: Fri Oct 29 07:01:47 2010
Info: Command: quartus_tan --read_settings_files=off --write_settings_files=off behavioural -c behavioural --timing_analysis_only
Info: Only one processor detected - disabling parallel compilation
Warning: Timing Analysis is analyzing one or more combinational loops as latches
    Warning: Node "dlatch_behavioural:inst|Q" is a latch
Warning: Found pins functioning as undefined clocks and/or memory enables
    Info: Assuming node "EN" is a latch enable. Will not compute fmax for this pin.
Info: tsu for register "dlatch_behavioural:inst|Q" (data pin = "DATA", clock pin = "EN") is 5.016 ns
    Info: + Longest pin to register delay is 6.313 ns
        Info: 1: + IC(0.000 ns) + CELL(0.954 ns) = 0.954 ns; Loc. = PIN_4; Fanout = 1; PIN Node = 'DATA'
        Info: 2: + IC(4.838 ns) + CELL(0.521 ns) = 6.313 ns; Loc. = LCCOMB_X1_Y13_N0; Fanout = 1; REG Node = 'dlatch_behavioural:inst|Q'
        Info: Total cell delay = 1.475 ns ( 23.36 % )
        Info: Total interconnect delay = 4.838 ns ( 76.64 % )
    Info: + Micro setup delay of destination is 0.791 ns
    Info: - Shortest clock path from clock "EN" to destination register is 2.088 ns
        Info: 1: + IC(0.000 ns) + CELL(0.954 ns) = 0.954 ns; Loc. = PIN_3; Fanout = 1; CLK Node = 'EN'
        Info: 2: + IC(0.812 ns) + CELL(0.322 ns) = 2.088 ns; Loc. = LCCOMB_X1_Y13_N0; Fanout = 1; REG Node = 'dlatch_behavioural:inst|Q'
        Info: Total cell delay = 1.276 ns ( 61.11 % )
        Info: Total interconnect delay = 0.812 ns ( 38.89 % )
Info: tco from clock "EN" to destination pin "Y" through register "dlatch_behavioural:inst|Q" is 5.838 ns
    Info: + Longest clock path from clock "EN" to source register is 2.088 ns
        Info: 1: + IC(0.000 ns) + CELL(0.954 ns) = 0.954 ns; Loc. = PIN_3; Fanout = 1; CLK Node = 'EN'
        Info: 2: + IC(0.812 ns) + CELL(0.322 ns) = 2.088 ns; Loc. = LCCOMB_X1_Y13_N0; Fanout = 1; REG Node = 'dlatch_behavioural:inst|Q'
        Info: Total cell delay = 1.276 ns ( 61.11 % )
        Info: Total interconnect delay = 0.812 ns ( 38.89 % )
    Info: + Micro clock to output delay of source is 0.000 ns
    Info: + Longest register to pin delay is 3.750 ns
        Info: 1: + IC(0.000 ns) + CELL(0.000 ns) = 0.000 ns; Loc. = LCCOMB_X1_Y13_N0; Fanout = 1; REG Node = 'dlatch_behavioural:inst|Q'
        Info: 2: + IC(0.860 ns) + CELL(2.890 ns) = 3.750 ns; Loc. = PIN_11; Fanout = 0; PIN Node = 'Y'
        Info: Total cell delay = 2.890 ns ( 77.07 % )
        Info: Total interconnect delay = 0.860 ns ( 22.93 % )
Info: th for register "dlatch_behavioural:inst|Q" (data pin = "DATA", clock pin = "EN") is -4.225 ns
    Info: + Longest clock path from clock "EN" to destination register is 2.088 ns
        Info: 1: + IC(0.000 ns) + CELL(0.954 ns) = 0.954 ns; Loc. = PIN_3; Fanout = 1; CLK Node = 'EN'
        Info: 2: + IC(0.812 ns) + CELL(0.322 ns) = 2.088 ns; Loc. = LCCOMB_X1_Y13_N0; Fanout = 1; REG Node = 'dlatch_behavioural:inst|Q'
        Info: Total cell delay = 1.276 ns ( 61.11 % )
        Info: Total interconnect delay = 0.812 ns ( 38.89 % )
    Info: + Micro hold delay of destination is 0.000 ns
    Info: - Shortest pin to register delay is 6.313 ns
        Info: 1: + IC(0.000 ns) + CELL(0.954 ns) = 0.954 ns; Loc. = PIN_4; Fanout = 1; PIN Node = 'DATA'
        Info: 2: + IC(4.838 ns) + CELL(0.521 ns) = 6.313 ns; Loc. = LCCOMB_X1_Y13_N0; Fanout = 1; REG Node = 'dlatch_behavioural:inst|Q'
        Info: Total cell delay = 1.475 ns ( 23.36 % )
        Info: Total interconnect delay = 4.838 ns ( 76.64 % )
Info: Quartus II Classic Timing Analyzer was successful. 0 errors, 3 warnings
    Info: Peak virtual memory: 172 megabytes
    Info: Processing ended: Fri Oct 29 07:01:48 2010
    Info: Elapsed time: 00:00:01
    Info: Total CPU time (on all processors): 00:00:00


