Classic Timing Analyzer report for behavioural
Fri Oct 29 07:57:49 2010
Quartus II Version 9.1 Build 350 03/24/2010 Service Pack 2 SJ Full Version


---------------------
; Table of Contents ;
---------------------
  1. Legal Notice
  2. Timing Analyzer Summary
  3. Timing Analyzer Settings
  4. tpd
  5. Timing Analyzer Messages



----------------
; Legal Notice ;
----------------
Copyright (C) 1991-2010 Altera Corporation
Your use of Altera Corporation's design tools, logic functions 
and other software and tools, and its AMPP partner logic 
functions, and any output files from any of the foregoing 
(including device programming or simulation files), and any 
associated documentation or information are expressly subject 
to the terms and conditions of the Altera Program License 
Subscription Agreement, Altera MegaCore Function License 
Agreement, or other applicable license agreement, including, 
without limitation, that your use is for the sole purpose of 
programming logic devices manufactured by Altera and sold by 
Altera or its authorized distributors.  Please refer to the 
applicable agreement for further details.



+--------------------------------------------------------------------------------------------------------------------------+
; Timing Analyzer Summary                                                                                                  ;
+------------------------------+-------+---------------+-------------+---------+----+------------+----------+--------------+
; Type                         ; Slack ; Required Time ; Actual Time ; From    ; To ; From Clock ; To Clock ; Failed Paths ;
+------------------------------+-------+---------------+-------------+---------+----+------------+----------+--------------+
; Worst-case tpd               ; N/A   ; None          ; 12.341 ns   ; DATA[0] ; Y  ; --         ; --       ; 0            ;
; Total number of failed paths ;       ;               ;             ;         ;    ;            ;          ; 0            ;
+------------------------------+-------+---------------+-------------+---------+----+------------+----------+--------------+


+-----------------------------------------------------------------------------------------------------------------------------------------------------+
; Timing Analyzer Settings                                                                                                                            ;
+------------------------------------------------------------------------------------------------------+--------------------+------+----+-------------+
; Option                                                                                               ; Setting            ; From ; To ; Entity Name ;
+------------------------------------------------------------------------------------------------------+--------------------+------+----+-------------+
; Device Name                                                                                          ; EP2C5Q208C7        ;      ;    ;             ;
; Timing Models                                                                                        ; Final              ;      ;    ;             ;
; Default hold multicycle                                                                              ; Same as Multicycle ;      ;    ;             ;
; Cut paths between unrelated clock domains                                                            ; On                 ;      ;    ;             ;
; Cut off read during write signal paths                                                               ; On                 ;      ;    ;             ;
; Cut off feedback from I/O pins                                                                       ; On                 ;      ;    ;             ;
; Report Combined Fast/Slow Timing                                                                     ; Off                ;      ;    ;             ;
; Ignore Clock Settings                                                                                ; Off                ;      ;    ;             ;
; Analyze latches as synchronous elements                                                              ; On                 ;      ;    ;             ;
; Enable Recovery/Removal analysis                                                                     ; Off                ;      ;    ;             ;
; Enable Clock Latency                                                                                 ; Off                ;      ;    ;             ;
; Use TimeQuest Timing Analyzer                                                                        ; Off                ;      ;    ;             ;
; Minimum Core Junction Temperature                                                                    ; 0                  ;      ;    ;             ;
; Maximum Core Junction Temperature                                                                    ; 85                 ;      ;    ;             ;
; Number of source nodes to report per destination node                                                ; 10                 ;      ;    ;             ;
; Number of destination nodes to report                                                                ; 10                 ;      ;    ;             ;
; Number of paths to report                                                                            ; 200                ;      ;    ;             ;
; Report Minimum Timing Checks                                                                         ; Off                ;      ;    ;             ;
; Use Fast Timing Models                                                                               ; Off                ;      ;    ;             ;
; Report IO Paths Separately                                                                           ; Off                ;      ;    ;             ;
; Perform Multicorner Analysis                                                                         ; On                 ;      ;    ;             ;
; Reports the worst-case path for each clock domain and analysis                                       ; Off                ;      ;    ;             ;
; Reports worst-case timing paths for each clock domain and analysis                                   ; On                 ;      ;    ;             ;
; Specifies the maximum number of worst-case timing paths to report for each clock domain and analysis ; 100                ;      ;    ;             ;
; Removes common clock path pessimism (CCPP) during slack computation                                  ; Off                ;      ;    ;             ;
; Output I/O Timing Endpoint                                                                           ; Near End           ;      ;    ;             ;
+------------------------------------------------------------------------------------------------------+--------------------+------+----+-------------+


+------------------------------------------------------------+
; tpd                                                        ;
+-------+-------------------+-----------------+---------+----+
; Slack ; Required P2P Time ; Actual P2P Time ; From    ; To ;
+-------+-------------------+-----------------+---------+----+
; N/A   ; None              ; 12.341 ns       ; DATA[0] ; Y  ;
; N/A   ; None              ; 11.689 ns       ; DATA[3] ; Y  ;
; N/A   ; None              ; 11.687 ns       ; DATA[4] ; Y  ;
; N/A   ; None              ; 11.646 ns       ; DATA[1] ; Y  ;
; N/A   ; None              ; 11.232 ns       ; DATA[2] ; Y  ;
; N/A   ; None              ; 10.581 ns       ; DATA[7] ; Y  ;
; N/A   ; None              ; 10.403 ns       ; SS[2]   ; Y  ;
; N/A   ; None              ; 7.055 ns        ; DATA[6] ; Y  ;
; N/A   ; None              ; 7.043 ns        ; SS[1]   ; Y  ;
; N/A   ; None              ; 6.997 ns        ; SS[0]   ; Y  ;
; N/A   ; None              ; 6.275 ns        ; DATA[5] ; Y  ;
+-------+-------------------+-----------------+---------+----+


+--------------------------+
; Timing Analyzer Messages ;
+--------------------------+
Info: *******************************************************************
Info: Running Quartus II Classic Timing Analyzer
    Info: Version 9.1 Build 350 03/24/2010 Service Pack 2 SJ Full Version
    Info: Processing started: Fri Oct 29 07:57:49 2010
Info: Command: quartus_tan --read_settings_files=off --write_settings_files=off behavioural -c behavioural --timing_analysis_only
Info: Only one processor detected - disabling parallel compilation
Info: Longest tpd from source pin "DATA[0]" to destination pin "Y" is 12.341 ns
    Info: 1: + IC(0.000 ns) + CELL(0.924 ns) = 0.924 ns; Loc. = PIN_119; Fanout = 1; PIN Node = 'DATA[0]'
    Info: 2: + IC(6.072 ns) + CELL(0.322 ns) = 7.318 ns; Loc. = LCCOMB_X1_Y6_N28; Fanout = 1; COMB Node = 'mux_case:inst|Y~2'
    Info: 3: + IC(0.289 ns) + CELL(0.178 ns) = 7.785 ns; Loc. = LCCOMB_X1_Y6_N30; Fanout = 1; COMB Node = 'mux_case:inst|Y~3'
    Info: 4: + IC(0.294 ns) + CELL(0.521 ns) = 8.600 ns; Loc. = LCCOMB_X1_Y6_N24; Fanout = 1; COMB Node = 'mux_case:inst|Y~4'
    Info: 5: + IC(0.871 ns) + CELL(2.870 ns) = 12.341 ns; Loc. = PIN_37; Fanout = 0; PIN Node = 'Y'
    Info: Total cell delay = 4.815 ns ( 39.02 % )
    Info: Total interconnect delay = 7.526 ns ( 60.98 % )
Info: Quartus II Classic Timing Analyzer was successful. 0 errors, 0 warnings
    Info: Peak virtual memory: 172 megabytes
    Info: Processing ended: Fri Oct 29 07:57:49 2010
    Info: Elapsed time: 00:00:00
    Info: Total CPU time (on all processors): 00:00:00


