Flow report for behavioural
Tue Nov 25 08:55:34 2014
Quartus II 32-bit Version 13.1.4 Build 182 03/12/2014 SJ Full Version


---------------------
; Table of Contents ;
---------------------
  1. Legal Notice
  2. Flow Summary
  3. Flow Settings
  4. Flow Non-Default Global Settings
  5. Flow Elapsed Time
  6. Flow OS Summary
  7. Flow Log
  8. Flow Messages
  9. Flow Suppressed Messages



----------------
; Legal Notice ;
----------------
Copyright (C) 1991-2014 Altera Corporation
Your use of Altera Corporation's design tools, logic functions 
and other software and tools, and its AMPP partner logic 
functions, and any output files from any of the foregoing 
(including device programming or simulation files), and any 
associated documentation or information are expressly subject 
to the terms and conditions of the Altera Program License 
Subscription Agreement, Altera MegaCore Function License 
Agreement, or other applicable license agreement, including, 
without limitation, that your use is for the sole purpose of 
programming logic devices manufactured by Altera and sold by 
Altera or its authorized distributors.  Please refer to the 
applicable agreement for further details.



+----------------------------------------------------------------------------------+
; Flow Summary                                                                     ;
+------------------------------------+---------------------------------------------+
; Flow Status                        ; Successful - Tue Nov 25 08:55:23 2014       ;
; Quartus II 32-bit Version          ; 13.1.4 Build 182 03/12/2014 SJ Full Version ;
; Revision Name                      ; behavioural                                 ;
; Top-level Entity Name              ; behavioural                                 ;
; Family                             ; Cyclone IV E                                ;
; Total logic elements               ; 10 / 6,272 ( < 1 % )                        ;
;     Total combinational functions  ; 4 / 6,272 ( < 1 % )                         ;
;     Dedicated logic registers      ; 9 / 6,272 ( < 1 % )                         ;
; Total registers                    ; 9                                           ;
; Total pins                         ; 4 / 92 ( 4 % )                              ;
; Total virtual pins                 ; 0                                           ;
; Total memory bits                  ; 0 / 276,480 ( 0 % )                         ;
; Embedded Multiplier 9-bit elements ; 0 / 30 ( 0 % )                              ;
; Total PLLs                         ; 0 / 2 ( 0 % )                               ;
; Device                             ; EP4CE6E22C6                                 ;
; Timing Models                      ; Final                                       ;
+------------------------------------+---------------------------------------------+


+-----------------------------------------+
; Flow Settings                           ;
+-------------------+---------------------+
; Option            ; Setting             ;
+-------------------+---------------------+
; Start date & time ; 11/25/2014 08:54:55 ;
; Main task         ; Compilation         ;
; Revision Name     ; behavioural         ;
+-------------------+---------------------+


+---------------------------------------------------------------------------------------------------------------------+
; Flow Non-Default Global Settings                                                                                    ;
+-------------------------------------+--------------------------------+---------------+-------------+----------------+
; Assignment Name                     ; Value                          ; Default Value ; Entity Name ; Section Id     ;
+-------------------------------------+--------------------------------+---------------+-------------+----------------+
; COMPILER_SIGNATURE_ID               ; 22061633802170.141690569404608 ; --            ; --          ; --             ;
; MAX_CORE_JUNCTION_TEMP              ; 85                             ; --            ; --          ; --             ;
; MIN_CORE_JUNCTION_TEMP              ; 0                              ; --            ; --          ; --             ;
; PARTITION_COLOR                     ; 16764057                       ; --            ; --          ; Top            ;
; PARTITION_FITTER_PRESERVATION_LEVEL ; PLACEMENT_AND_ROUTING          ; --            ; --          ; Top            ;
; PARTITION_NETLIST_TYPE              ; SOURCE                         ; --            ; --          ; Top            ;
; USE_GENERATED_PHYSICAL_CONSTRAINTS  ; Off                            ; --            ; --          ; eda_blast_fpga ;
+-------------------------------------+--------------------------------+---------------+-------------+----------------+


+-------------------------------------------------------------------------------------------------------------------------------+
; Flow Elapsed Time                                                                                                             ;
+---------------------------+--------------+-------------------------+---------------------+------------------------------------+
; Module Name               ; Elapsed Time ; Average Processors Used ; Peak Virtual Memory ; Total CPU Time (on all processors) ;
+---------------------------+--------------+-------------------------+---------------------+------------------------------------+
; Analysis & Synthesis      ; 00:00:06     ; 1.0                     ; 385 MB              ; 00:00:02                           ;
; Fitter                    ; 00:00:17     ; 1.0                     ; 585 MB              ; 00:00:06                           ;
; Assembler                 ; 00:00:03     ; 1.0                     ; 369 MB              ; 00:00:01                           ;
; TimeQuest Timing Analyzer ; 00:00:09     ; 1.0                     ; 405 MB              ; 00:00:02                           ;
; Total                     ; 00:00:35     ; --                      ; --                  ; 00:00:11                           ;
+---------------------------+--------------+-------------------------+---------------------+------------------------------------+


+----------------------------------------------------------------------------------------+
; Flow OS Summary                                                                        ;
+---------------------------+------------------+-----------+------------+----------------+
; Module Name               ; Machine Hostname ; OS Name   ; OS Version ; Processor type ;
+---------------------------+------------------+-----------+------------+----------------+
; Analysis & Synthesis      ; WIN-3RAQQ0DKIF8  ; Windows 7 ; 6.1        ; i686           ;
; Fitter                    ; WIN-3RAQQ0DKIF8  ; Windows 7 ; 6.1        ; i686           ;
; Assembler                 ; WIN-3RAQQ0DKIF8  ; Windows 7 ; 6.1        ; i686           ;
; TimeQuest Timing Analyzer ; WIN-3RAQQ0DKIF8  ; Windows 7 ; 6.1        ; i686           ;
+---------------------------+------------------+-----------+------------+----------------+


------------
; Flow Log ;
------------
quartus_map --read_settings_files=on --write_settings_files=off behavioural -c behavioural
quartus_fit --read_settings_files=off --write_settings_files=off behavioural -c behavioural
quartus_asm --read_settings_files=off --write_settings_files=off behavioural -c behavioural
quartus_sta behavioural -c behavioural



