Classic Timing Analyzer report for behavioural
Thu Oct 28 19:06:34 2010
Quartus II Version 9.1 Build 350 03/24/2010 Service Pack 2 SJ Full Version


---------------------
; Table of Contents ;
---------------------
  1. Legal Notice
  2. Timing Analyzer Summary
  3. Timing Analyzer Settings
  4. tpd
  5. Timing Analyzer Messages



----------------
; Legal Notice ;
----------------
Copyright (C) 1991-2010 Altera Corporation
Your use of Altera Corporation's design tools, logic functions 
and other software and tools, and its AMPP partner logic 
functions, and any output files from any of the foregoing 
(including device programming or simulation files), and any 
associated documentation or information are expressly subject 
to the terms and conditions of the Altera Program License 
Subscription Agreement, Altera MegaCore Function License 
Agreement, or other applicable license agreement, including, 
without limitation, that your use is for the sole purpose of 
programming logic devices manufactured by Altera and sold by 
Altera or its authorized distributors.  Please refer to the 
applicable agreement for further details.



+-----------------------------------------------------------------------------------------------------------------------------+
; Timing Analyzer Summary                                                                                                     ;
+------------------------------+-------+---------------+-------------+------+----------+------------+----------+--------------+
; Type                         ; Slack ; Required Time ; Actual Time ; From ; To       ; From Clock ; To Clock ; Failed Paths ;
+------------------------------+-------+---------------+-------------+------+----------+------------+----------+--------------+
; Worst-case tpd               ; N/A   ; None          ; 11.178 ns   ; CTRL ; Y_behave ; --         ; --       ; 0            ;
; Total number of failed paths ;       ;               ;             ;      ;          ;            ;          ; 0            ;
+------------------------------+-------+---------------+-------------+------+----------+------------+----------+--------------+


+-----------------------------------------------------------------------------------------------------------------------------------------------------+
; Timing Analyzer Settings                                                                                                                            ;
+------------------------------------------------------------------------------------------------------+--------------------+------+----+-------------+
; Option                                                                                               ; Setting            ; From ; To ; Entity Name ;
+------------------------------------------------------------------------------------------------------+--------------------+------+----+-------------+
; Device Name                                                                                          ; EP2C5Q208C7        ;      ;    ;             ;
; Timing Models                                                                                        ; Final              ;      ;    ;             ;
; Default hold multicycle                                                                              ; Same as Multicycle ;      ;    ;             ;
; Cut paths between unrelated clock domains                                                            ; On                 ;      ;    ;             ;
; Cut off read during write signal paths                                                               ; On                 ;      ;    ;             ;
; Cut off feedback from I/O pins                                                                       ; On                 ;      ;    ;             ;
; Report Combined Fast/Slow Timing                                                                     ; Off                ;      ;    ;             ;
; Ignore Clock Settings                                                                                ; Off                ;      ;    ;             ;
; Analyze latches as synchronous elements                                                              ; On                 ;      ;    ;             ;
; Enable Recovery/Removal analysis                                                                     ; Off                ;      ;    ;             ;
; Enable Clock Latency                                                                                 ; Off                ;      ;    ;             ;
; Use TimeQuest Timing Analyzer                                                                        ; Off                ;      ;    ;             ;
; Minimum Core Junction Temperature                                                                    ; 0                  ;      ;    ;             ;
; Maximum Core Junction Temperature                                                                    ; 85                 ;      ;    ;             ;
; Number of source nodes to report per destination node                                                ; 10                 ;      ;    ;             ;
; Number of destination nodes to report                                                                ; 10                 ;      ;    ;             ;
; Number of paths to report                                                                            ; 200                ;      ;    ;             ;
; Report Minimum Timing Checks                                                                         ; Off                ;      ;    ;             ;
; Use Fast Timing Models                                                                               ; Off                ;      ;    ;             ;
; Report IO Paths Separately                                                                           ; Off                ;      ;    ;             ;
; Perform Multicorner Analysis                                                                         ; On                 ;      ;    ;             ;
; Reports the worst-case path for each clock domain and analysis                                       ; Off                ;      ;    ;             ;
; Reports worst-case timing paths for each clock domain and analysis                                   ; On                 ;      ;    ;             ;
; Specifies the maximum number of worst-case timing paths to report for each clock domain and analysis ; 100                ;      ;    ;             ;
; Removes common clock path pessimism (CCPP) during slack computation                                  ; Off                ;      ;    ;             ;
; Output I/O Timing Endpoint                                                                           ; Near End           ;      ;    ;             ;
+------------------------------------------------------------------------------------------------------+--------------------+------+----+-------------+


+---------------------------------------------------------------+
; tpd                                                           ;
+-------+-------------------+-----------------+------+----------+
; Slack ; Required P2P Time ; Actual P2P Time ; From ; To       ;
+-------+-------------------+-----------------+------+----------+
; N/A   ; None              ; 11.178 ns       ; CTRL ; Y_behave ;
; N/A   ; None              ; 10.341 ns       ; B    ; Y_behave ;
; N/A   ; None              ; 10.081 ns       ; A    ; Y_behave ;
+-------+-------------------+-----------------+------+----------+


+--------------------------+
; Timing Analyzer Messages ;
+--------------------------+
Info: *******************************************************************
Info: Running Quartus II Classic Timing Analyzer
    Info: Version 9.1 Build 350 03/24/2010 Service Pack 2 SJ Full Version
    Info: Processing started: Thu Oct 28 19:06:34 2010
Info: Command: quartus_tan --read_settings_files=off --write_settings_files=off behavioural -c behavioural --timing_analysis_only
Info: Only one processor detected - disabling parallel compilation
Info: Longest tpd from source pin "CTRL" to destination pin "Y_behave" is 11.178 ns
    Info: 1: + IC(0.000 ns) + CELL(0.893 ns) = 0.893 ns; Loc. = PIN_173; Fanout = 1; PIN Node = 'CTRL'
    Info: 2: + IC(6.079 ns) + CELL(0.178 ns) = 7.150 ns; Loc. = LCCOMB_X1_Y13_N0; Fanout = 1; COMB Node = 'clevergate_behavioural:inst|Y~0'
    Info: 3: + IC(1.138 ns) + CELL(2.890 ns) = 11.178 ns; Loc. = PIN_30; Fanout = 0; PIN Node = 'Y_behave'
    Info: Total cell delay = 3.961 ns ( 35.44 % )
    Info: Total interconnect delay = 7.217 ns ( 64.56 % )
Info: Quartus II Classic Timing Analyzer was successful. 0 errors, 0 warnings
    Info: Peak virtual memory: 172 megabytes
    Info: Processing ended: Thu Oct 28 19:06:34 2010
    Info: Elapsed time: 00:00:00
    Info: Total CPU time (on all processors): 00:00:00


