Classic Timing Analyzer report for myproject
Thu Oct 07 18:08:41 2010
Quartus II Version 9.1 Build 350 03/24/2010 Service Pack 2 SJ Full Version


---------------------
; Table of Contents ;
---------------------
  1. Legal Notice
  2. Timing Analyzer Summary
  3. Timing Analyzer Settings
  4. tpd
  5. Timing Analyzer Messages



----------------
; Legal Notice ;
----------------
Copyright (C) 1991-2010 Altera Corporation
Your use of Altera Corporation's design tools, logic functions 
and other software and tools, and its AMPP partner logic 
functions, and any output files from any of the foregoing 
(including device programming or simulation files), and any 
associated documentation or information are expressly subject 
to the terms and conditions of the Altera Program License 
Subscription Agreement, Altera MegaCore Function License 
Agreement, or other applicable license agreement, including, 
without limitation, that your use is for the sole purpose of 
programming logic devices manufactured by Altera and sold by 
Altera or its authorized distributors.  Please refer to the 
applicable agreement for further details.



+----------------------------------------------------------------------------------------------------------------------------+
; Timing Analyzer Summary                                                                                                    ;
+------------------------------+-------+---------------+-------------+---------+------+------------+----------+--------------+
; Type                         ; Slack ; Required Time ; Actual Time ; From    ; To   ; From Clock ; To Clock ; Failed Paths ;
+------------------------------+-------+---------------+-------------+---------+------+------------+----------+--------------+
; Worst-case tpd               ; N/A   ; None          ; 12.375 ns   ; DATA[4] ; Y[1] ; --         ; --       ; 0            ;
; Total number of failed paths ;       ;               ;             ;         ;      ;            ;          ; 0            ;
+------------------------------+-------+---------------+-------------+---------+------+------------+----------+--------------+


+-----------------------------------------------------------------------------------------------------------------------------------------------------+
; Timing Analyzer Settings                                                                                                                            ;
+------------------------------------------------------------------------------------------------------+--------------------+------+----+-------------+
; Option                                                                                               ; Setting            ; From ; To ; Entity Name ;
+------------------------------------------------------------------------------------------------------+--------------------+------+----+-------------+
; Device Name                                                                                          ; EP2C5Q208C7        ;      ;    ;             ;
; Timing Models                                                                                        ; Final              ;      ;    ;             ;
; Default hold multicycle                                                                              ; Same as Multicycle ;      ;    ;             ;
; Cut paths between unrelated clock domains                                                            ; On                 ;      ;    ;             ;
; Cut off read during write signal paths                                                               ; On                 ;      ;    ;             ;
; Cut off feedback from I/O pins                                                                       ; On                 ;      ;    ;             ;
; Report Combined Fast/Slow Timing                                                                     ; Off                ;      ;    ;             ;
; Ignore Clock Settings                                                                                ; Off                ;      ;    ;             ;
; Analyze latches as synchronous elements                                                              ; On                 ;      ;    ;             ;
; Enable Recovery/Removal analysis                                                                     ; Off                ;      ;    ;             ;
; Enable Clock Latency                                                                                 ; Off                ;      ;    ;             ;
; Use TimeQuest Timing Analyzer                                                                        ; Off                ;      ;    ;             ;
; Minimum Core Junction Temperature                                                                    ; 0                  ;      ;    ;             ;
; Maximum Core Junction Temperature                                                                    ; 85                 ;      ;    ;             ;
; Number of source nodes to report per destination node                                                ; 10                 ;      ;    ;             ;
; Number of destination nodes to report                                                                ; 10                 ;      ;    ;             ;
; Number of paths to report                                                                            ; 200                ;      ;    ;             ;
; Report Minimum Timing Checks                                                                         ; Off                ;      ;    ;             ;
; Use Fast Timing Models                                                                               ; Off                ;      ;    ;             ;
; Report IO Paths Separately                                                                           ; Off                ;      ;    ;             ;
; Perform Multicorner Analysis                                                                         ; On                 ;      ;    ;             ;
; Reports the worst-case path for each clock domain and analysis                                       ; Off                ;      ;    ;             ;
; Reports worst-case timing paths for each clock domain and analysis                                   ; On                 ;      ;    ;             ;
; Specifies the maximum number of worst-case timing paths to report for each clock domain and analysis ; 100                ;      ;    ;             ;
; Removes common clock path pessimism (CCPP) during slack computation                                  ; Off                ;      ;    ;             ;
; Output I/O Timing Endpoint                                                                           ; Near End           ;      ;    ;             ;
+------------------------------------------------------------------------------------------------------+--------------------+------+----+-------------+


+--------------------------------------------------------------+
; tpd                                                          ;
+-------+-------------------+-----------------+---------+------+
; Slack ; Required P2P Time ; Actual P2P Time ; From    ; To   ;
+-------+-------------------+-----------------+---------+------+
; N/A   ; None              ; 12.375 ns       ; DATA[4] ; Y[1] ;
; N/A   ; None              ; 12.078 ns       ; DATA[5] ; Y[1] ;
; N/A   ; None              ; 12.027 ns       ; DATA[7] ; Y[1] ;
; N/A   ; None              ; 12.021 ns       ; DATA[6] ; Y[1] ;
; N/A   ; None              ; 10.773 ns       ; DATA[2] ; Y[0] ;
; N/A   ; None              ; 10.730 ns       ; DATA[0] ; Y[0] ;
; N/A   ; None              ; 10.580 ns       ; DATA[1] ; Y[0] ;
; N/A   ; None              ; 10.560 ns       ; DATA[3] ; Y[0] ;
+-------+-------------------+-----------------+---------+------+


+--------------------------+
; Timing Analyzer Messages ;
+--------------------------+
Info: *******************************************************************
Info: Running Quartus II Classic Timing Analyzer
    Info: Version 9.1 Build 350 03/24/2010 Service Pack 2 SJ Full Version
    Info: Processing started: Thu Oct 07 18:08:41 2010
Info: Command: quartus_tan --read_settings_files=off --write_settings_files=off myproject -c myproject --timing_analysis_only
Info: Only one processor detected - disabling parallel compilation
Info: Longest tpd from source pin "DATA[4]" to destination pin "Y[1]" is 12.375 ns
    Info: 1: + IC(0.000 ns) + CELL(0.893 ns) = 0.893 ns; Loc. = PIN_72; Fanout = 1; PIN Node = 'DATA[4]'
    Info: 2: + IC(6.019 ns) + CELL(0.512 ns) = 7.424 ns; Loc. = LCCOMB_X14_Y9_N8; Fanout = 1; COMB Node = 'vector_bits:inst|Y[1]~0'
    Info: 3: + IC(2.031 ns) + CELL(2.920 ns) = 12.375 ns; Loc. = PIN_5; Fanout = 0; PIN Node = 'Y[1]'
    Info: Total cell delay = 4.325 ns ( 34.95 % )
    Info: Total interconnect delay = 8.050 ns ( 65.05 % )
Info: Quartus II Classic Timing Analyzer was successful. 0 errors, 0 warnings
    Info: Peak virtual memory: 176 megabytes
    Info: Processing ended: Thu Oct 07 18:08:42 2010
    Info: Elapsed time: 00:00:01
    Info: Total CPU time (on all processors): 00:00:00


